2025-09-12T23:08:40 {"block_run_id": 13, "block_uuid": "qb_invoices_loader", "pipeline_run_id": 7, "pipeline_schedule_id": 2, "pipeline_uuid": "qb_invoices_bacfill", "hostname": "370646b43903", "block_type": "data_loader", "level": "INFO", "message": "Start executing block with BlockExecutor.", "timestamp": 1757718520.113609, "uuid": "047ef6e9109e4f59abb6dd33ea636083"}
2025-09-12T23:08:42 {"block_run_id": 13, "block_uuid": "qb_invoices_loader", "pipeline_run_id": 7, "pipeline_schedule_id": 2, "pipeline_uuid": "qb_invoices_bacfill", "hostname": "370646b43903", "block_type": "data_loader", "level": "WARNING", "message": "Exception thrown when attempting to run <function BlockExecutor.execute.<locals>.__execute_with_retry at 0x7f3f884ff370>, attempt 1 of 1", "timestamp": 1757718522.419493, "uuid": "fc234342d25a48219bf7687ed3aec646", "error": "Traceback (most recent call last):\n  File \"<string>\", line 77, in refresh_access_token\n  File \"/usr/local/lib/python3.10/site-packages/requests/models.py\", line 1021, in raise_for_status\n    raise HTTPError(http_error_msg, response=self)\nrequests.exceptions.HTTPError: 400 Client Error: Bad Request for url: https://oauth.platform.intuit.com/oauth2/v1/tokens/bearer\n\nThe above exception was the direct cause of the following exception:\n\nTraceback (most recent call last):\n  File \"/usr/local/lib/python3.10/site-packages/mage_ai/shared/retry.py\", line 38, in retry_func\n    return func(*args, **kwargs)\n  File \"/usr/local/lib/python3.10/site-packages/mage_ai/data_preparation/executors/block_executor.py\", line 621, in __execute_with_retry\n    return self._execute(\n  File \"/usr/local/lib/python3.10/site-packages/mage_ai/data_preparation/executors/block_executor.py\", line 1154, in _execute\n    result = self.block.execute_sync(\n  File \"/usr/local/lib/python3.10/site-packages/mage_ai/data_preparation/models/block/__init__.py\", line 1691, in execute_sync\n    return __execute()\n  File \"/usr/local/lib/python3.10/site-packages/mage_ai/data_preparation/models/block/__init__.py\", line 1668, in __execute\n    raise err\n  File \"/usr/local/lib/python3.10/site-packages/mage_ai/data_preparation/models/block/__init__.py\", line 1570, in __execute\n    output = self.execute_block(\n  File \"/usr/local/lib/python3.10/site-packages/mage_ai/data_preparation/models/block/__init__.py\", line 1910, in execute_block\n    outputs = self._execute_block(\n  File \"/usr/local/lib/python3.10/site-packages/mage_ai/data_preparation/models/block/__init__.py\", line 2073, in _execute_block\n    outputs = self.execute_block_function(\n  File \"/usr/local/lib/python3.10/site-packages/mage_ai/data_preparation/models/block/__init__.py\", line 2169, in execute_block_function\n    output = block_function_updated(*input_vars, **global_vars)\n  File \"<string>\", line 212, in load_data\n  File \"<string>\", line 79, in refresh_access_token\nRuntimeError: Error al refrescar token: 400 {\"error\":\"invalid_grant\"}\n", "error_stack": ["  File \"/usr/local/bin/mage\", line 8, in <module>\n    sys.exit(app())\n", "  File \"/usr/local/lib/python3.10/site-packages/typer/main.py\", line 311, in __call__\n    return get_command(self)(*args, **kwargs)\n", "  File \"/usr/local/lib/python3.10/site-packages/click/core.py\", line 1442, in __call__\n    return self.main(*args, **kwargs)\n", "  File \"/usr/local/lib/python3.10/site-packages/typer/core.py\", line 778, in main\n    return _main(\n", "  File \"/usr/local/lib/python3.10/site-packages/typer/core.py\", line 216, in _main\n    rv = self.invoke(ctx)\n", "  File \"/usr/local/lib/python3.10/site-packages/click/core.py\", line 1830, in invoke\n    return _process_result(sub_ctx.command.invoke(sub_ctx))\n", "  File \"/usr/local/lib/python3.10/site-packages/click/core.py\", line 1226, in invoke\n    return ctx.invoke(self.callback, **ctx.params)\n", "  File \"/usr/local/lib/python3.10/site-packages/click/core.py\", line 794, in invoke\n    return callback(*args, **kwargs)\n", "  File \"/usr/local/lib/python3.10/site-packages/typer/main.py\", line 683, in wrapper\n    return callback(**use_params)  # type: ignore\n", "  File \"/usr/local/lib/python3.10/site-packages/mage_ai/cli/main.py\", line 147, in start\n    start_server(\n", "  File \"/usr/local/lib/python3.10/site-packages/mage_ai/server/server.py\", line 809, in start_server\n    scheduler_manager.start_scheduler()\n", "  File \"/usr/local/lib/python3.10/site-packages/mage_ai/server/scheduler_manager.py\", line 108, in start_scheduler\n    proc.start()\n", "  File \"/usr/local/lib/python3.10/multiprocessing/process.py\", line 121, in start\n    self._popen = self._Popen(self)\n", "  File \"/usr/local/lib/python3.10/multiprocessing/context.py\", line 224, in _Popen\n    return _default_context.get_context().Process._Popen(process_obj)\n", "  File \"/usr/local/lib/python3.10/multiprocessing/context.py\", line 281, in _Popen\n    return Popen(process_obj)\n", "  File \"/usr/local/lib/python3.10/multiprocessing/popen_fork.py\", line 19, in __init__\n    self._launch(process_obj)\n", "  File \"/usr/local/lib/python3.10/multiprocessing/popen_fork.py\", line 71, in _launch\n    code = process_obj._bootstrap(parent_sentinel=child_r)\n", "  File \"/usr/local/lib/python3.10/multiprocessing/process.py\", line 314, in _bootstrap\n    self.run()\n", "  File \"/usr/local/lib/python3.10/multiprocessing/process.py\", line 108, in run\n    self._target(*self._args, **self._kwargs)\n", "  File \"/usr/local/lib/python3.10/site-packages/mage_ai/orchestration/db/process.py\", line 15, in start_session_and_run\n    results = target(*args)\n", "  File \"/usr/local/lib/python3.10/site-packages/mage_ai/server/scheduler_manager.py\", line 60, in run_scheduler\n    LoopTimeTrigger().start()\n", "  File \"/usr/local/lib/python3.10/site-packages/mage_ai/orchestration/triggers/loop_time_trigger.py\", line 14, in start\n    self.run()\n", "  File \"/usr/local/lib/python3.10/site-packages/mage_ai/orchestration/triggers/time_trigger.py\", line 11, in run\n    schedule_all()\n", "  File \"/usr/local/lib/python3.10/site-packages/mage_ai/orchestration/pipeline_scheduler_original.py\", line 1702, in schedule_all\n    PipelineScheduler(r).start()\n", "  File \"/usr/local/lib/python3.10/site-packages/mage_ai/orchestration/db/__init__.py\", line 159, in func_with_rollback\n    return func(*args, **kwargs)\n", "  File \"/usr/local/lib/python3.10/site-packages/mage_ai/orchestration/pipeline_scheduler_original.py\", line 197, in start\n    self.schedule()\n", "  File \"/usr/local/lib/python3.10/site-packages/mage_ai/orchestration/db/__init__.py\", line 159, in func_with_rollback\n    return func(*args, **kwargs)\n", "  File \"/usr/local/lib/python3.10/site-packages/mage_ai/orchestration/pipeline_scheduler_original.py\", line 333, in schedule\n    self.__schedule_blocks(block_runs)\n", "  File \"/usr/local/lib/python3.10/site-packages/mage_ai/orchestration/pipeline_scheduler_original.py\", line 640, in __schedule_blocks\n    job_manager.add_job(\n", "  File \"/usr/local/lib/python3.10/site-packages/mage_ai/orchestration/job_manager.py\", line 20, in add_job\n    self.queue.enqueue(job_id, target, *args, **kwargs)\n", "  File \"/usr/local/lib/python3.10/site-packages/mage_ai/orchestration/queue/process_queue.py\", line 122, in enqueue\n    self.start_worker_pool()\n", "  File \"/usr/local/lib/python3.10/site-packages/mage_ai/orchestration/queue/process_queue.py\", line 199, in start_worker_pool\n    self.worker_pool_proc.start()\n", "  File \"/usr/local/lib/python3.10/multiprocessing/process.py\", line 121, in start\n    self._popen = self._Popen(self)\n", "  File \"/usr/local/lib/python3.10/multiprocessing/context.py\", line 224, in _Popen\n    return _default_context.get_context().Process._Popen(process_obj)\n", "  File \"/usr/local/lib/python3.10/multiprocessing/context.py\", line 281, in _Popen\n    return Popen(process_obj)\n", "  File \"/usr/local/lib/python3.10/multiprocessing/popen_fork.py\", line 19, in __init__\n    self._launch(process_obj)\n", "  File \"/usr/local/lib/python3.10/multiprocessing/popen_fork.py\", line 71, in _launch\n    code = process_obj._bootstrap(parent_sentinel=child_r)\n", "  File \"/usr/local/lib/python3.10/multiprocessing/process.py\", line 314, in _bootstrap\n    self.run()\n", "  File \"/usr/local/lib/python3.10/multiprocessing/process.py\", line 108, in run\n    self._target(*self._args, **self._kwargs)\n", "  File \"/usr/local/lib/python3.10/site-packages/mage_ai/orchestration/queue/process_queue.py\", line 353, in poll_job_and_execute\n    worker.start()\n", "  File \"/usr/local/lib/python3.10/multiprocessing/process.py\", line 121, in start\n    self._popen = self._Popen(self)\n", "  File \"/usr/local/lib/python3.10/multiprocessing/context.py\", line 224, in _Popen\n    return _default_context.get_context().Process._Popen(process_obj)\n", "  File \"/usr/local/lib/python3.10/multiprocessing/context.py\", line 281, in _Popen\n    return Popen(process_obj)\n", "  File \"/usr/local/lib/python3.10/multiprocessing/popen_fork.py\", line 19, in __init__\n    self._launch(process_obj)\n", "  File \"/usr/local/lib/python3.10/multiprocessing/popen_fork.py\", line 71, in _launch\n    code = process_obj._bootstrap(parent_sentinel=child_r)\n", "  File \"/usr/local/lib/python3.10/multiprocessing/process.py\", line 314, in _bootstrap\n    self.run()\n", "  File \"/usr/local/lib/python3.10/site-packages/newrelic/api/background_task.py\", line 117, in wrapper\n    return wrapped(*args, **kwargs)\n", "  File \"/usr/local/lib/python3.10/site-packages/mage_ai/orchestration/queue/process_queue.py\", line 317, in run\n    start_session_and_run(args[1], *args[2], **args[3])\n", "  File \"/usr/local/lib/python3.10/site-packages/mage_ai/orchestration/db/process.py\", line 15, in start_session_and_run\n    results = target(*args)\n", "  File \"/usr/local/lib/python3.10/site-packages/mage_ai/orchestration/pipeline_scheduler_original.py\", line 1235, in run_block\n    return ExecutorFactory.get_block_executor(\n", "  File \"/usr/local/lib/python3.10/site-packages/mage_ai/data_preparation/executors/block_executor.py\", line 647, in execute\n    result = __execute_with_retry()\n", "  File \"/usr/local/lib/python3.10/site-packages/mage_ai/shared/retry.py\", line 46, in retry_func\n    logger.warning(\n", "  File \"/usr/local/lib/python3.10/site-packages/mage_ai/data_preparation/logging/logger.py\", line 39, in warning\n    self.__send_message('warning', message, **kwargs)\n", "  File \"/usr/local/lib/python3.10/site-packages/mage_ai/data_preparation/logging/logger.py\", line 65, in __send_message\n    data['error_stack'] = traceback.format_stack()\n"], "error_stacktrace": "Error al refrescar token: 400 {\"error\":\"invalid_grant\"}"}
2025-09-12T23:08:42 {"block_run_id": 13, "block_uuid": "qb_invoices_loader", "pipeline_run_id": 7, "pipeline_schedule_id": 2, "pipeline_uuid": "qb_invoices_bacfill", "hostname": "370646b43903", "block_type": "data_loader", "level": "EXCEPTION", "message": "Failed to execute block qb_invoices_loader", "timestamp": 1757718522.433079, "uuid": "a7487cc6ffdf4fa08ba42ad93984baab", "error": "Traceback (most recent call last):\n  File \"<string>\", line 77, in refresh_access_token\n  File \"/usr/local/lib/python3.10/site-packages/requests/models.py\", line 1021, in raise_for_status\n    raise HTTPError(http_error_msg, response=self)\nrequests.exceptions.HTTPError: 400 Client Error: Bad Request for url: https://oauth.platform.intuit.com/oauth2/v1/tokens/bearer\n\nThe above exception was the direct cause of the following exception:\n\nTraceback (most recent call last):\n  File \"/usr/local/lib/python3.10/site-packages/mage_ai/data_preparation/executors/block_executor.py\", line 647, in execute\n    result = __execute_with_retry()\n  File \"/usr/local/lib/python3.10/site-packages/mage_ai/shared/retry.py\", line 54, in retry_func\n    raise e\n  File \"/usr/local/lib/python3.10/site-packages/mage_ai/shared/retry.py\", line 38, in retry_func\n    return func(*args, **kwargs)\n  File \"/usr/local/lib/python3.10/site-packages/mage_ai/data_preparation/executors/block_executor.py\", line 621, in __execute_with_retry\n    return self._execute(\n  File \"/usr/local/lib/python3.10/site-packages/mage_ai/data_preparation/executors/block_executor.py\", line 1154, in _execute\n    result = self.block.execute_sync(\n  File \"/usr/local/lib/python3.10/site-packages/mage_ai/data_preparation/models/block/__init__.py\", line 1691, in execute_sync\n    return __execute()\n  File \"/usr/local/lib/python3.10/site-packages/mage_ai/data_preparation/models/block/__init__.py\", line 1668, in __execute\n    raise err\n  File \"/usr/local/lib/python3.10/site-packages/mage_ai/data_preparation/models/block/__init__.py\", line 1570, in __execute\n    output = self.execute_block(\n  File \"/usr/local/lib/python3.10/site-packages/mage_ai/data_preparation/models/block/__init__.py\", line 1910, in execute_block\n    outputs = self._execute_block(\n  File \"/usr/local/lib/python3.10/site-packages/mage_ai/data_preparation/models/block/__init__.py\", line 2073, in _execute_block\n    outputs = self.execute_block_function(\n  File \"/usr/local/lib/python3.10/site-packages/mage_ai/data_preparation/models/block/__init__.py\", line 2169, in execute_block_function\n    output = block_function_updated(*input_vars, **global_vars)\n  File \"<string>\", line 212, in load_data\n  File \"<string>\", line 79, in refresh_access_token\nRuntimeError: Error al refrescar token: 400 {\"error\":\"invalid_grant\"}\n", "error_stack": ["  File \"/usr/local/bin/mage\", line 8, in <module>\n    sys.exit(app())\n", "  File \"/usr/local/lib/python3.10/site-packages/typer/main.py\", line 311, in __call__\n    return get_command(self)(*args, **kwargs)\n", "  File \"/usr/local/lib/python3.10/site-packages/click/core.py\", line 1442, in __call__\n    return self.main(*args, **kwargs)\n", "  File \"/usr/local/lib/python3.10/site-packages/typer/core.py\", line 778, in main\n    return _main(\n", "  File \"/usr/local/lib/python3.10/site-packages/typer/core.py\", line 216, in _main\n    rv = self.invoke(ctx)\n", "  File \"/usr/local/lib/python3.10/site-packages/click/core.py\", line 1830, in invoke\n    return _process_result(sub_ctx.command.invoke(sub_ctx))\n", "  File \"/usr/local/lib/python3.10/site-packages/click/core.py\", line 1226, in invoke\n    return ctx.invoke(self.callback, **ctx.params)\n", "  File \"/usr/local/lib/python3.10/site-packages/click/core.py\", line 794, in invoke\n    return callback(*args, **kwargs)\n", "  File \"/usr/local/lib/python3.10/site-packages/typer/main.py\", line 683, in wrapper\n    return callback(**use_params)  # type: ignore\n", "  File \"/usr/local/lib/python3.10/site-packages/mage_ai/cli/main.py\", line 147, in start\n    start_server(\n", "  File \"/usr/local/lib/python3.10/site-packages/mage_ai/server/server.py\", line 809, in start_server\n    scheduler_manager.start_scheduler()\n", "  File \"/usr/local/lib/python3.10/site-packages/mage_ai/server/scheduler_manager.py\", line 108, in start_scheduler\n    proc.start()\n", "  File \"/usr/local/lib/python3.10/multiprocessing/process.py\", line 121, in start\n    self._popen = self._Popen(self)\n", "  File \"/usr/local/lib/python3.10/multiprocessing/context.py\", line 224, in _Popen\n    return _default_context.get_context().Process._Popen(process_obj)\n", "  File \"/usr/local/lib/python3.10/multiprocessing/context.py\", line 281, in _Popen\n    return Popen(process_obj)\n", "  File \"/usr/local/lib/python3.10/multiprocessing/popen_fork.py\", line 19, in __init__\n    self._launch(process_obj)\n", "  File \"/usr/local/lib/python3.10/multiprocessing/popen_fork.py\", line 71, in _launch\n    code = process_obj._bootstrap(parent_sentinel=child_r)\n", "  File \"/usr/local/lib/python3.10/multiprocessing/process.py\", line 314, in _bootstrap\n    self.run()\n", "  File \"/usr/local/lib/python3.10/multiprocessing/process.py\", line 108, in run\n    self._target(*self._args, **self._kwargs)\n", "  File \"/usr/local/lib/python3.10/site-packages/mage_ai/orchestration/db/process.py\", line 15, in start_session_and_run\n    results = target(*args)\n", "  File \"/usr/local/lib/python3.10/site-packages/mage_ai/server/scheduler_manager.py\", line 60, in run_scheduler\n    LoopTimeTrigger().start()\n", "  File \"/usr/local/lib/python3.10/site-packages/mage_ai/orchestration/triggers/loop_time_trigger.py\", line 14, in start\n    self.run()\n", "  File \"/usr/local/lib/python3.10/site-packages/mage_ai/orchestration/triggers/time_trigger.py\", line 11, in run\n    schedule_all()\n", "  File \"/usr/local/lib/python3.10/site-packages/mage_ai/orchestration/pipeline_scheduler_original.py\", line 1702, in schedule_all\n    PipelineScheduler(r).start()\n", "  File \"/usr/local/lib/python3.10/site-packages/mage_ai/orchestration/db/__init__.py\", line 159, in func_with_rollback\n    return func(*args, **kwargs)\n", "  File \"/usr/local/lib/python3.10/site-packages/mage_ai/orchestration/pipeline_scheduler_original.py\", line 197, in start\n    self.schedule()\n", "  File \"/usr/local/lib/python3.10/site-packages/mage_ai/orchestration/db/__init__.py\", line 159, in func_with_rollback\n    return func(*args, **kwargs)\n", "  File \"/usr/local/lib/python3.10/site-packages/mage_ai/orchestration/pipeline_scheduler_original.py\", line 333, in schedule\n    self.__schedule_blocks(block_runs)\n", "  File \"/usr/local/lib/python3.10/site-packages/mage_ai/orchestration/pipeline_scheduler_original.py\", line 640, in __schedule_blocks\n    job_manager.add_job(\n", "  File \"/usr/local/lib/python3.10/site-packages/mage_ai/orchestration/job_manager.py\", line 20, in add_job\n    self.queue.enqueue(job_id, target, *args, **kwargs)\n", "  File \"/usr/local/lib/python3.10/site-packages/mage_ai/orchestration/queue/process_queue.py\", line 122, in enqueue\n    self.start_worker_pool()\n", "  File \"/usr/local/lib/python3.10/site-packages/mage_ai/orchestration/queue/process_queue.py\", line 199, in start_worker_pool\n    self.worker_pool_proc.start()\n", "  File \"/usr/local/lib/python3.10/multiprocessing/process.py\", line 121, in start\n    self._popen = self._Popen(self)\n", "  File \"/usr/local/lib/python3.10/multiprocessing/context.py\", line 224, in _Popen\n    return _default_context.get_context().Process._Popen(process_obj)\n", "  File \"/usr/local/lib/python3.10/multiprocessing/context.py\", line 281, in _Popen\n    return Popen(process_obj)\n", "  File \"/usr/local/lib/python3.10/multiprocessing/popen_fork.py\", line 19, in __init__\n    self._launch(process_obj)\n", "  File \"/usr/local/lib/python3.10/multiprocessing/popen_fork.py\", line 71, in _launch\n    code = process_obj._bootstrap(parent_sentinel=child_r)\n", "  File \"/usr/local/lib/python3.10/multiprocessing/process.py\", line 314, in _bootstrap\n    self.run()\n", "  File \"/usr/local/lib/python3.10/multiprocessing/process.py\", line 108, in run\n    self._target(*self._args, **self._kwargs)\n", "  File \"/usr/local/lib/python3.10/site-packages/mage_ai/orchestration/queue/process_queue.py\", line 353, in poll_job_and_execute\n    worker.start()\n", "  File \"/usr/local/lib/python3.10/multiprocessing/process.py\", line 121, in start\n    self._popen = self._Popen(self)\n", "  File \"/usr/local/lib/python3.10/multiprocessing/context.py\", line 224, in _Popen\n    return _default_context.get_context().Process._Popen(process_obj)\n", "  File \"/usr/local/lib/python3.10/multiprocessing/context.py\", line 281, in _Popen\n    return Popen(process_obj)\n", "  File \"/usr/local/lib/python3.10/multiprocessing/popen_fork.py\", line 19, in __init__\n    self._launch(process_obj)\n", "  File \"/usr/local/lib/python3.10/multiprocessing/popen_fork.py\", line 71, in _launch\n    code = process_obj._bootstrap(parent_sentinel=child_r)\n", "  File \"/usr/local/lib/python3.10/multiprocessing/process.py\", line 314, in _bootstrap\n    self.run()\n", "  File \"/usr/local/lib/python3.10/site-packages/newrelic/api/background_task.py\", line 117, in wrapper\n    return wrapped(*args, **kwargs)\n", "  File \"/usr/local/lib/python3.10/site-packages/mage_ai/orchestration/queue/process_queue.py\", line 317, in run\n    start_session_and_run(args[1], *args[2], **args[3])\n", "  File \"/usr/local/lib/python3.10/site-packages/mage_ai/orchestration/db/process.py\", line 15, in start_session_and_run\n    results = target(*args)\n", "  File \"/usr/local/lib/python3.10/site-packages/mage_ai/orchestration/pipeline_scheduler_original.py\", line 1235, in run_block\n    return ExecutorFactory.get_block_executor(\n", "  File \"/usr/local/lib/python3.10/site-packages/mage_ai/data_preparation/executors/block_executor.py\", line 649, in execute\n    self.logger.exception(\n", "  File \"/usr/local/lib/python3.10/site-packages/mage_ai/data_preparation/logging/logger.py\", line 30, in exception\n    self.__send_message('exception', message, **kwargs)\n", "  File \"/usr/local/lib/python3.10/site-packages/mage_ai/data_preparation/logging/logger.py\", line 65, in __send_message\n    data['error_stack'] = traceback.format_stack()\n"], "error_stacktrace": "Error al refrescar token: 400 {\"error\":\"invalid_grant\"}"}
Traceback (most recent call last):
  File "<string>", line 77, in refresh_access_token
  File "/usr/local/lib/python3.10/site-packages/requests/models.py", line 1021, in raise_for_status
    raise HTTPError(http_error_msg, response=self)
requests.exceptions.HTTPError: 400 Client Error: Bad Request for url: https://oauth.platform.intuit.com/oauth2/v1/tokens/bearer

The above exception was the direct cause of the following exception:

Traceback (most recent call last):
  File "/usr/local/lib/python3.10/site-packages/mage_ai/data_preparation/executors/block_executor.py", line 647, in execute
    result = __execute_with_retry()
  File "/usr/local/lib/python3.10/site-packages/mage_ai/shared/retry.py", line 54, in retry_func
    raise e
  File "/usr/local/lib/python3.10/site-packages/mage_ai/shared/retry.py", line 38, in retry_func
    return func(*args, **kwargs)
  File "/usr/local/lib/python3.10/site-packages/mage_ai/data_preparation/executors/block_executor.py", line 621, in __execute_with_retry
    return self._execute(
  File "/usr/local/lib/python3.10/site-packages/mage_ai/data_preparation/executors/block_executor.py", line 1154, in _execute
    result = self.block.execute_sync(
  File "/usr/local/lib/python3.10/site-packages/mage_ai/data_preparation/models/block/__init__.py", line 1691, in execute_sync
    return __execute()
  File "/usr/local/lib/python3.10/site-packages/mage_ai/data_preparation/models/block/__init__.py", line 1668, in __execute
    raise err
  File "/usr/local/lib/python3.10/site-packages/mage_ai/data_preparation/models/block/__init__.py", line 1570, in __execute
    output = self.execute_block(
  File "/usr/local/lib/python3.10/site-packages/mage_ai/data_preparation/models/block/__init__.py", line 1910, in execute_block
    outputs = self._execute_block(
  File "/usr/local/lib/python3.10/site-packages/mage_ai/data_preparation/models/block/__init__.py", line 2073, in _execute_block
    outputs = self.execute_block_function(
  File "/usr/local/lib/python3.10/site-packages/mage_ai/data_preparation/models/block/__init__.py", line 2169, in execute_block_function
    output = block_function_updated(*input_vars, **global_vars)
  File "<string>", line 212, in load_data
  File "<string>", line 79, in refresh_access_token
RuntimeError: Error al refrescar token: 400 {"error":"invalid_grant"}
2025-09-12T23:11:30 {"block_run_id": 19, "block_uuid": "qb_invoices_loader", "pipeline_run_id": 10, "pipeline_schedule_id": 2, "pipeline_uuid": "qb_invoices_bacfill", "hostname": "370646b43903", "block_type": "data_loader", "level": "INFO", "message": "Start executing block with BlockExecutor.", "timestamp": 1757718690.737594, "uuid": "68c3f04a8b464861b4a52f8b0b34a942"}
2025-09-12T23:11:31 {"block_run_id": 19, "block_uuid": "qb_invoices_loader", "pipeline_run_id": 10, "pipeline_schedule_id": 2, "pipeline_uuid": "qb_invoices_bacfill", "hostname": "370646b43903", "block_type": "data_loader", "level": "INFO", "message": "Access token refrescado exitosamente.", "timestamp": 1757718691.897767, "uuid": "e5382de6e2064e31b9c8567faeba68d4"}
2025-09-12T23:11:31 {"block_run_id": 19, "block_uuid": "qb_invoices_loader", "pipeline_run_id": 10, "pipeline_schedule_id": 2, "pipeline_uuid": "qb_invoices_bacfill", "hostname": "370646b43903", "block_type": "data_loader", "level": "INFO", "message": "Chunk 1: 2025-01-01T00:00:00+00:00 \u2192 2025-01-07T23:59:59+00:00", "timestamp": 1757718691.906373, "uuid": "e9974cf756c7405bb35100399b4177ca"}
2025-09-12T23:11:32 {"block_run_id": 19, "block_uuid": "qb_invoices_loader", "pipeline_run_id": 10, "pipeline_schedule_id": 2, "pipeline_uuid": "qb_invoices_bacfill", "hostname": "370646b43903", "block_type": "data_loader", "level": "INFO", "message": "P\u00e1gina 1: 0 filas en 1.04s (start=1)", "timestamp": 1757718692.951735, "uuid": "4b42c657b0dd45028aa964c87b0d60c7"}
2025-09-12T23:11:32 {"block_run_id": 19, "block_uuid": "qb_invoices_loader", "pipeline_run_id": 10, "pipeline_schedule_id": 2, "pipeline_uuid": "qb_invoices_bacfill", "hostname": "370646b43903", "block_type": "data_loader", "level": "INFO", "message": "Chunk 2: 2025-01-08T00:00:00+00:00 \u2192 2025-01-14T23:59:59+00:00", "timestamp": 1757718692.954088, "uuid": "e0c37105c62a43d1965426ae72ba9f0c"}
2025-09-12T23:11:33 {"block_run_id": 19, "block_uuid": "qb_invoices_loader", "pipeline_run_id": 10, "pipeline_schedule_id": 2, "pipeline_uuid": "qb_invoices_bacfill", "hostname": "370646b43903", "block_type": "data_loader", "level": "INFO", "message": "P\u00e1gina 1: 0 filas en 0.30s (start=1)", "timestamp": 1757718693.253002, "uuid": "8cb474c413f1456aa85bb23f42dceab9"}
2025-09-12T23:11:33 {"block_run_id": 19, "block_uuid": "qb_invoices_loader", "pipeline_run_id": 10, "pipeline_schedule_id": 2, "pipeline_uuid": "qb_invoices_bacfill", "hostname": "370646b43903", "block_type": "data_loader", "level": "INFO", "message": "Chunk 3: 2025-01-15T00:00:00+00:00 \u2192 2025-01-21T23:59:59+00:00", "timestamp": 1757718693.25582, "uuid": "94e2de8a4f8241c4919cd8a6b22d50a4"}
2025-09-12T23:11:33 {"block_run_id": 19, "block_uuid": "qb_invoices_loader", "pipeline_run_id": 10, "pipeline_schedule_id": 2, "pipeline_uuid": "qb_invoices_bacfill", "hostname": "370646b43903", "block_type": "data_loader", "level": "INFO", "message": "P\u00e1gina 1: 0 filas en 0.29s (start=1)", "timestamp": 1757718693.545076, "uuid": "2135bb4b3c2a463290ce439ed33f756f"}
2025-09-12T23:11:33 {"block_run_id": 19, "block_uuid": "qb_invoices_loader", "pipeline_run_id": 10, "pipeline_schedule_id": 2, "pipeline_uuid": "qb_invoices_bacfill", "hostname": "370646b43903", "block_type": "data_loader", "level": "INFO", "message": "Chunk 4: 2025-01-22T00:00:00+00:00 \u2192 2025-01-28T23:59:59+00:00", "timestamp": 1757718693.54994, "uuid": "9a4ecb6897164796b1578d3036f8de80"}
2025-09-12T23:11:33 {"block_run_id": 19, "block_uuid": "qb_invoices_loader", "pipeline_run_id": 10, "pipeline_schedule_id": 2, "pipeline_uuid": "qb_invoices_bacfill", "hostname": "370646b43903", "block_type": "data_loader", "level": "INFO", "message": "P\u00e1gina 1: 0 filas en 0.28s (start=1)", "timestamp": 1757718693.836045, "uuid": "aa87a3ca43fd43539c0021f36bda27a5"}
2025-09-12T23:11:33 {"block_run_id": 19, "block_uuid": "qb_invoices_loader", "pipeline_run_id": 10, "pipeline_schedule_id": 2, "pipeline_uuid": "qb_invoices_bacfill", "hostname": "370646b43903", "block_type": "data_loader", "level": "INFO", "message": "Chunk 5: 2025-01-29T00:00:00+00:00 \u2192 2025-02-04T23:59:59+00:00", "timestamp": 1757718693.840957, "uuid": "55906a3c3c264504a3d4707e1a4b65bd"}
2025-09-12T23:11:34 {"block_run_id": 19, "block_uuid": "qb_invoices_loader", "pipeline_run_id": 10, "pipeline_schedule_id": 2, "pipeline_uuid": "qb_invoices_bacfill", "hostname": "370646b43903", "block_type": "data_loader", "level": "INFO", "message": "P\u00e1gina 1: 0 filas en 0.29s (start=1)", "timestamp": 1757718694.137286, "uuid": "e1d57679fda74e7abf5e509e0ad071c2"}
2025-09-12T23:11:34 {"block_run_id": 19, "block_uuid": "qb_invoices_loader", "pipeline_run_id": 10, "pipeline_schedule_id": 2, "pipeline_uuid": "qb_invoices_bacfill", "hostname": "370646b43903", "block_type": "data_loader", "level": "INFO", "message": "Chunk 6: 2025-02-05T00:00:00+00:00 \u2192 2025-02-11T23:59:59+00:00", "timestamp": 1757718694.139969, "uuid": "9ad46343e1bb4fe28835acfc7eb3bab9"}
2025-09-12T23:11:34 {"block_run_id": 19, "block_uuid": "qb_invoices_loader", "pipeline_run_id": 10, "pipeline_schedule_id": 2, "pipeline_uuid": "qb_invoices_bacfill", "hostname": "370646b43903", "block_type": "data_loader", "level": "INFO", "message": "P\u00e1gina 1: 0 filas en 0.28s (start=1)", "timestamp": 1757718694.424311, "uuid": "35eb490e302146548416f6da55a6f382"}
2025-09-12T23:11:34 {"block_run_id": 19, "block_uuid": "qb_invoices_loader", "pipeline_run_id": 10, "pipeline_schedule_id": 2, "pipeline_uuid": "qb_invoices_bacfill", "hostname": "370646b43903", "block_type": "data_loader", "level": "INFO", "message": "Chunk 7: 2025-02-12T00:00:00+00:00 \u2192 2025-02-18T23:59:59+00:00", "timestamp": 1757718694.428999, "uuid": "5c4b6480f56b4713b4e3f361d6a41774"}
2025-09-12T23:11:34 {"block_run_id": 19, "block_uuid": "qb_invoices_loader", "pipeline_run_id": 10, "pipeline_schedule_id": 2, "pipeline_uuid": "qb_invoices_bacfill", "hostname": "370646b43903", "block_type": "data_loader", "level": "INFO", "message": "P\u00e1gina 1: 0 filas en 0.28s (start=1)", "timestamp": 1757718694.713467, "uuid": "4bf18172b8214c9b887ad82dce36b0fc"}
2025-09-12T23:11:34 {"block_run_id": 19, "block_uuid": "qb_invoices_loader", "pipeline_run_id": 10, "pipeline_schedule_id": 2, "pipeline_uuid": "qb_invoices_bacfill", "hostname": "370646b43903", "block_type": "data_loader", "level": "INFO", "message": "Chunk 8: 2025-02-19T00:00:00+00:00 \u2192 2025-02-25T23:59:59+00:00", "timestamp": 1757718694.717026, "uuid": "1e3bc6a9a5734c8284b71c540c882943"}
2025-09-12T23:11:35 {"block_run_id": 19, "block_uuid": "qb_invoices_loader", "pipeline_run_id": 10, "pipeline_schedule_id": 2, "pipeline_uuid": "qb_invoices_bacfill", "hostname": "370646b43903", "block_type": "data_loader", "level": "INFO", "message": "P\u00e1gina 1: 0 filas en 0.29s (start=1)", "timestamp": 1757718695.010162, "uuid": "3da8902b89a74912b6589dedd9e62923"}
2025-09-12T23:11:35 {"block_run_id": 19, "block_uuid": "qb_invoices_loader", "pipeline_run_id": 10, "pipeline_schedule_id": 2, "pipeline_uuid": "qb_invoices_bacfill", "hostname": "370646b43903", "block_type": "data_loader", "level": "INFO", "message": "Chunk 9: 2025-02-26T00:00:00+00:00 \u2192 2025-03-04T23:59:59+00:00", "timestamp": 1757718695.013037, "uuid": "0b8721a218274cb698b805cbc788975a"}
2025-09-12T23:11:35 {"block_run_id": 19, "block_uuid": "qb_invoices_loader", "pipeline_run_id": 10, "pipeline_schedule_id": 2, "pipeline_uuid": "qb_invoices_bacfill", "hostname": "370646b43903", "block_type": "data_loader", "level": "INFO", "message": "P\u00e1gina 1: 0 filas en 0.27s (start=1)", "timestamp": 1757718695.286139, "uuid": "9f65c279253b43a8ac446e7460488baf"}
2025-09-12T23:11:35 {"block_run_id": 19, "block_uuid": "qb_invoices_loader", "pipeline_run_id": 10, "pipeline_schedule_id": 2, "pipeline_uuid": "qb_invoices_bacfill", "hostname": "370646b43903", "block_type": "data_loader", "level": "INFO", "message": "Chunk 10: 2025-03-05T00:00:00+00:00 \u2192 2025-03-11T23:59:59+00:00", "timestamp": 1757718695.291268, "uuid": "44c39951496c413a82923e214202e731"}
2025-09-12T23:11:35 {"block_run_id": 19, "block_uuid": "qb_invoices_loader", "pipeline_run_id": 10, "pipeline_schedule_id": 2, "pipeline_uuid": "qb_invoices_bacfill", "hostname": "370646b43903", "block_type": "data_loader", "level": "INFO", "message": "P\u00e1gina 1: 0 filas en 0.30s (start=1)", "timestamp": 1757718695.59488, "uuid": "f26c140a803e4b9b91a501520f7f2407"}
2025-09-12T23:11:35 {"block_run_id": 19, "block_uuid": "qb_invoices_loader", "pipeline_run_id": 10, "pipeline_schedule_id": 2, "pipeline_uuid": "qb_invoices_bacfill", "hostname": "370646b43903", "block_type": "data_loader", "level": "INFO", "message": "Chunk 11: 2025-03-12T00:00:00+00:00 \u2192 2025-03-18T23:59:59+00:00", "timestamp": 1757718695.597484, "uuid": "1fe101fd498b4f87b6ffbe7879186cd5"}
2025-09-12T23:11:36 {"block_run_id": 19, "block_uuid": "qb_invoices_loader", "pipeline_run_id": 10, "pipeline_schedule_id": 2, "pipeline_uuid": "qb_invoices_bacfill", "hostname": "370646b43903", "block_type": "data_loader", "level": "INFO", "message": "P\u00e1gina 1: 0 filas en 0.47s (start=1)", "timestamp": 1757718696.069118, "uuid": "c0ba71886b7d43279010c4125086c5b3"}
2025-09-12T23:11:36 {"block_run_id": 19, "block_uuid": "qb_invoices_loader", "pipeline_run_id": 10, "pipeline_schedule_id": 2, "pipeline_uuid": "qb_invoices_bacfill", "hostname": "370646b43903", "block_type": "data_loader", "level": "INFO", "message": "Chunk 12: 2025-03-19T00:00:00+00:00 \u2192 2025-03-25T23:59:59+00:00", "timestamp": 1757718696.074329, "uuid": "6e61f4b67ab24313ba8db40668708977"}
2025-09-12T23:11:36 {"block_run_id": 19, "block_uuid": "qb_invoices_loader", "pipeline_run_id": 10, "pipeline_schedule_id": 2, "pipeline_uuid": "qb_invoices_bacfill", "hostname": "370646b43903", "block_type": "data_loader", "level": "INFO", "message": "P\u00e1gina 1: 0 filas en 0.28s (start=1)", "timestamp": 1757718696.353774, "uuid": "5ae4c108a7654e8c92dc21985ba944e7"}
2025-09-12T23:11:36 {"block_run_id": 19, "block_uuid": "qb_invoices_loader", "pipeline_run_id": 10, "pipeline_schedule_id": 2, "pipeline_uuid": "qb_invoices_bacfill", "hostname": "370646b43903", "block_type": "data_loader", "level": "INFO", "message": "Chunk 13: 2025-03-26T00:00:00+00:00 \u2192 2025-04-01T23:59:59+00:00", "timestamp": 1757718696.356512, "uuid": "5c0590c7c89a4a31b9c5dcf02e0de38f"}
2025-09-12T23:11:36 {"block_run_id": 19, "block_uuid": "qb_invoices_loader", "pipeline_run_id": 10, "pipeline_schedule_id": 2, "pipeline_uuid": "qb_invoices_bacfill", "hostname": "370646b43903", "block_type": "data_loader", "level": "INFO", "message": "P\u00e1gina 1: 0 filas en 0.27s (start=1)", "timestamp": 1757718696.633044, "uuid": "0782d517b2e2476ab2832424912a4208"}
2025-09-12T23:11:36 {"block_run_id": 19, "block_uuid": "qb_invoices_loader", "pipeline_run_id": 10, "pipeline_schedule_id": 2, "pipeline_uuid": "qb_invoices_bacfill", "hostname": "370646b43903", "block_type": "data_loader", "level": "INFO", "message": "Chunk 14: 2025-04-02T00:00:00+00:00 \u2192 2025-04-08T23:59:59+00:00", "timestamp": 1757718696.637419, "uuid": "56a9e2f5450743a78830c3ba8df50e30"}
2025-09-12T23:11:36 {"block_run_id": 19, "block_uuid": "qb_invoices_loader", "pipeline_run_id": 10, "pipeline_schedule_id": 2, "pipeline_uuid": "qb_invoices_bacfill", "hostname": "370646b43903", "block_type": "data_loader", "level": "INFO", "message": "P\u00e1gina 1: 0 filas en 0.30s (start=1)", "timestamp": 1757718696.942195, "uuid": "205f6272b3e54a56942b640c3afdd4e8"}
2025-09-12T23:11:36 {"block_run_id": 19, "block_uuid": "qb_invoices_loader", "pipeline_run_id": 10, "pipeline_schedule_id": 2, "pipeline_uuid": "qb_invoices_bacfill", "hostname": "370646b43903", "block_type": "data_loader", "level": "INFO", "message": "Chunk 15: 2025-04-09T00:00:00+00:00 \u2192 2025-04-15T23:59:59+00:00", "timestamp": 1757718696.946877, "uuid": "06ce8009f72e4e4b9e246588c85199c0"}
2025-09-12T23:11:37 {"block_run_id": 19, "block_uuid": "qb_invoices_loader", "pipeline_run_id": 10, "pipeline_schedule_id": 2, "pipeline_uuid": "qb_invoices_bacfill", "hostname": "370646b43903", "block_type": "data_loader", "level": "INFO", "message": "P\u00e1gina 1: 0 filas en 0.27s (start=1)", "timestamp": 1757718697.225688, "uuid": "d86f438053b3498db0c8663930b1c60c"}
2025-09-12T23:11:37 {"block_run_id": 19, "block_uuid": "qb_invoices_loader", "pipeline_run_id": 10, "pipeline_schedule_id": 2, "pipeline_uuid": "qb_invoices_bacfill", "hostname": "370646b43903", "block_type": "data_loader", "level": "INFO", "message": "Chunk 16: 2025-04-16T00:00:00+00:00 \u2192 2025-04-22T23:59:59+00:00", "timestamp": 1757718697.22884, "uuid": "ca4094fb438b4c6ea1d8ff75858fa478"}
2025-09-12T23:11:37 {"block_run_id": 19, "block_uuid": "qb_invoices_loader", "pipeline_run_id": 10, "pipeline_schedule_id": 2, "pipeline_uuid": "qb_invoices_bacfill", "hostname": "370646b43903", "block_type": "data_loader", "level": "INFO", "message": "P\u00e1gina 1: 0 filas en 0.28s (start=1)", "timestamp": 1757718697.515579, "uuid": "fef1fd7af0b3415282fe853190545d81"}
2025-09-12T23:11:37 {"block_run_id": 19, "block_uuid": "qb_invoices_loader", "pipeline_run_id": 10, "pipeline_schedule_id": 2, "pipeline_uuid": "qb_invoices_bacfill", "hostname": "370646b43903", "block_type": "data_loader", "level": "INFO", "message": "Chunk 17: 2025-04-23T00:00:00+00:00 \u2192 2025-04-29T23:59:59+00:00", "timestamp": 1757718697.518911, "uuid": "9f74997a3a604977bb23c86f4171603b"}
2025-09-12T23:11:37 {"block_run_id": 19, "block_uuid": "qb_invoices_loader", "pipeline_run_id": 10, "pipeline_schedule_id": 2, "pipeline_uuid": "qb_invoices_bacfill", "hostname": "370646b43903", "block_type": "data_loader", "level": "INFO", "message": "P\u00e1gina 1: 0 filas en 0.29s (start=1)", "timestamp": 1757718697.808569, "uuid": "206d7e9715b7497987f2ca4ed6a4462d"}
2025-09-12T23:11:37 {"block_run_id": 19, "block_uuid": "qb_invoices_loader", "pipeline_run_id": 10, "pipeline_schedule_id": 2, "pipeline_uuid": "qb_invoices_bacfill", "hostname": "370646b43903", "block_type": "data_loader", "level": "INFO", "message": "Chunk 18: 2025-04-30T00:00:00+00:00 \u2192 2025-05-06T23:59:59+00:00", "timestamp": 1757718697.81203, "uuid": "404e7032ebce49858213a1f4296dc7fd"}
2025-09-12T23:11:38 {"block_run_id": 19, "block_uuid": "qb_invoices_loader", "pipeline_run_id": 10, "pipeline_schedule_id": 2, "pipeline_uuid": "qb_invoices_bacfill", "hostname": "370646b43903", "block_type": "data_loader", "level": "INFO", "message": "P\u00e1gina 1: 0 filas en 0.27s (start=1)", "timestamp": 1757718698.087737, "uuid": "2f7fb8023f164523b31978bc8466175b"}
2025-09-12T23:11:38 {"block_run_id": 19, "block_uuid": "qb_invoices_loader", "pipeline_run_id": 10, "pipeline_schedule_id": 2, "pipeline_uuid": "qb_invoices_bacfill", "hostname": "370646b43903", "block_type": "data_loader", "level": "INFO", "message": "Chunk 19: 2025-05-07T00:00:00+00:00 \u2192 2025-05-13T23:59:59+00:00", "timestamp": 1757718698.090811, "uuid": "cc87691b1a3e4b98880e2805a929d641"}
2025-09-12T23:11:38 {"block_run_id": 19, "block_uuid": "qb_invoices_loader", "pipeline_run_id": 10, "pipeline_schedule_id": 2, "pipeline_uuid": "qb_invoices_bacfill", "hostname": "370646b43903", "block_type": "data_loader", "level": "INFO", "message": "P\u00e1gina 1: 0 filas en 0.27s (start=1)", "timestamp": 1757718698.367588, "uuid": "6b8c982acb314ce8bcfe0db14405b2b9"}
2025-09-12T23:11:38 {"block_run_id": 19, "block_uuid": "qb_invoices_loader", "pipeline_run_id": 10, "pipeline_schedule_id": 2, "pipeline_uuid": "qb_invoices_bacfill", "hostname": "370646b43903", "block_type": "data_loader", "level": "INFO", "message": "Chunk 20: 2025-05-14T00:00:00+00:00 \u2192 2025-05-20T23:59:59+00:00", "timestamp": 1757718698.370888, "uuid": "a146a5f75e9e4bd1828b065f8d8142f1"}
2025-09-12T23:11:38 {"block_run_id": 19, "block_uuid": "qb_invoices_loader", "pipeline_run_id": 10, "pipeline_schedule_id": 2, "pipeline_uuid": "qb_invoices_bacfill", "hostname": "370646b43903", "block_type": "data_loader", "level": "INFO", "message": "P\u00e1gina 1: 0 filas en 0.33s (start=1)", "timestamp": 1757718698.705468, "uuid": "f8c98c709594420b887956e914d8e1a3"}
2025-09-12T23:11:38 {"block_run_id": 19, "block_uuid": "qb_invoices_loader", "pipeline_run_id": 10, "pipeline_schedule_id": 2, "pipeline_uuid": "qb_invoices_bacfill", "hostname": "370646b43903", "block_type": "data_loader", "level": "INFO", "message": "Chunk 21: 2025-05-21T00:00:00+00:00 \u2192 2025-05-27T23:59:59+00:00", "timestamp": 1757718698.708465, "uuid": "08d18d6efeb84a59bf4f757c287248e5"}
2025-09-12T23:11:38 {"block_run_id": 19, "block_uuid": "qb_invoices_loader", "pipeline_run_id": 10, "pipeline_schedule_id": 2, "pipeline_uuid": "qb_invoices_bacfill", "hostname": "370646b43903", "block_type": "data_loader", "level": "INFO", "message": "P\u00e1gina 1: 0 filas en 0.28s (start=1)", "timestamp": 1757718698.994206, "uuid": "708e83dd295b4dafacc87b2b02edf625"}
2025-09-12T23:11:38 {"block_run_id": 19, "block_uuid": "qb_invoices_loader", "pipeline_run_id": 10, "pipeline_schedule_id": 2, "pipeline_uuid": "qb_invoices_bacfill", "hostname": "370646b43903", "block_type": "data_loader", "level": "INFO", "message": "Chunk 22: 2025-05-28T00:00:00+00:00 \u2192 2025-06-03T23:59:59+00:00", "timestamp": 1757718698.996717, "uuid": "6e2084cf7e724fe08a2103ce2d0304da"}
2025-09-12T23:11:39 {"block_run_id": 19, "block_uuid": "qb_invoices_loader", "pipeline_run_id": 10, "pipeline_schedule_id": 2, "pipeline_uuid": "qb_invoices_bacfill", "hostname": "370646b43903", "block_type": "data_loader", "level": "INFO", "message": "P\u00e1gina 1: 0 filas en 0.31s (start=1)", "timestamp": 1757718699.309159, "uuid": "ea70ab166d17476283aed6a1bcbd11a9"}
2025-09-12T23:11:39 {"block_run_id": 19, "block_uuid": "qb_invoices_loader", "pipeline_run_id": 10, "pipeline_schedule_id": 2, "pipeline_uuid": "qb_invoices_bacfill", "hostname": "370646b43903", "block_type": "data_loader", "level": "INFO", "message": "Chunk 23: 2025-06-04T00:00:00+00:00 \u2192 2025-06-10T23:59:59+00:00", "timestamp": 1757718699.313372, "uuid": "47bef0e8541741d6a210dd7f67a58c22"}
2025-09-12T23:11:39 {"block_run_id": 19, "block_uuid": "qb_invoices_loader", "pipeline_run_id": 10, "pipeline_schedule_id": 2, "pipeline_uuid": "qb_invoices_bacfill", "hostname": "370646b43903", "block_type": "data_loader", "level": "INFO", "message": "P\u00e1gina 1: 0 filas en 0.28s (start=1)", "timestamp": 1757718699.601144, "uuid": "9694f7b6cbb2430c9970519acbeeb7ca"}
2025-09-12T23:11:39 {"block_run_id": 19, "block_uuid": "qb_invoices_loader", "pipeline_run_id": 10, "pipeline_schedule_id": 2, "pipeline_uuid": "qb_invoices_bacfill", "hostname": "370646b43903", "block_type": "data_loader", "level": "INFO", "message": "Chunk 24: 2025-06-11T00:00:00+00:00 \u2192 2025-06-17T23:59:59+00:00", "timestamp": 1757718699.603881, "uuid": "24fc40bd209e497e9df6c49d551be2e6"}
2025-09-12T23:11:39 {"block_run_id": 19, "block_uuid": "qb_invoices_loader", "pipeline_run_id": 10, "pipeline_schedule_id": 2, "pipeline_uuid": "qb_invoices_bacfill", "hostname": "370646b43903", "block_type": "data_loader", "level": "INFO", "message": "P\u00e1gina 1: 0 filas en 0.33s (start=1)", "timestamp": 1757718699.936037, "uuid": "8f043241aa05444da3ca3767bae6b02d"}
2025-09-12T23:11:39 {"block_run_id": 19, "block_uuid": "qb_invoices_loader", "pipeline_run_id": 10, "pipeline_schedule_id": 2, "pipeline_uuid": "qb_invoices_bacfill", "hostname": "370646b43903", "block_type": "data_loader", "level": "INFO", "message": "Chunk 25: 2025-06-18T00:00:00+00:00 \u2192 2025-06-24T23:59:59+00:00", "timestamp": 1757718699.938377, "uuid": "a3ae3826705147cd8cbdcfc0851ff093"}
2025-09-12T23:11:40 {"block_run_id": 19, "block_uuid": "qb_invoices_loader", "pipeline_run_id": 10, "pipeline_schedule_id": 2, "pipeline_uuid": "qb_invoices_bacfill", "hostname": "370646b43903", "block_type": "data_loader", "level": "INFO", "message": "P\u00e1gina 1: 0 filas en 0.33s (start=1)", "timestamp": 1757718700.271732, "uuid": "de13e11ad2ce4b86b15d60d76c13c831"}
2025-09-12T23:11:40 {"block_run_id": 19, "block_uuid": "qb_invoices_loader", "pipeline_run_id": 10, "pipeline_schedule_id": 2, "pipeline_uuid": "qb_invoices_bacfill", "hostname": "370646b43903", "block_type": "data_loader", "level": "INFO", "message": "Chunk 26: 2025-06-25T00:00:00+00:00 \u2192 2025-07-01T23:59:59+00:00", "timestamp": 1757718700.274811, "uuid": "e615125f62f646fa9d318ac46b77bf44"}
2025-09-12T23:11:40 {"block_run_id": 19, "block_uuid": "qb_invoices_loader", "pipeline_run_id": 10, "pipeline_schedule_id": 2, "pipeline_uuid": "qb_invoices_bacfill", "hostname": "370646b43903", "block_type": "data_loader", "level": "INFO", "message": "P\u00e1gina 1: 0 filas en 0.37s (start=1)", "timestamp": 1757718700.649735, "uuid": "5160149b320a4f35b5d5100bf6ebdf2b"}
2025-09-12T23:11:40 {"block_run_id": 19, "block_uuid": "qb_invoices_loader", "pipeline_run_id": 10, "pipeline_schedule_id": 2, "pipeline_uuid": "qb_invoices_bacfill", "hostname": "370646b43903", "block_type": "data_loader", "level": "INFO", "message": "Chunk 27: 2025-07-02T00:00:00+00:00 \u2192 2025-07-08T23:59:59+00:00", "timestamp": 1757718700.653484, "uuid": "a9d0da2a272f44ff83bcaefaeb520efe"}
2025-09-12T23:11:41 {"block_run_id": 19, "block_uuid": "qb_invoices_loader", "pipeline_run_id": 10, "pipeline_schedule_id": 2, "pipeline_uuid": "qb_invoices_bacfill", "hostname": "370646b43903", "block_type": "data_loader", "level": "INFO", "message": "P\u00e1gina 1: 0 filas en 0.37s (start=1)", "timestamp": 1757718701.02854, "uuid": "1de2df8e065841b7b2202580100d0c75"}
2025-09-12T23:11:41 {"block_run_id": 19, "block_uuid": "qb_invoices_loader", "pipeline_run_id": 10, "pipeline_schedule_id": 2, "pipeline_uuid": "qb_invoices_bacfill", "hostname": "370646b43903", "block_type": "data_loader", "level": "INFO", "message": "Chunk 28: 2025-07-09T00:00:00+00:00 \u2192 2025-07-15T23:59:59+00:00", "timestamp": 1757718701.030964, "uuid": "3983b57c3102467697c05873f231c1f5"}
2025-09-12T23:11:41 {"block_run_id": 19, "block_uuid": "qb_invoices_loader", "pipeline_run_id": 10, "pipeline_schedule_id": 2, "pipeline_uuid": "qb_invoices_bacfill", "hostname": "370646b43903", "block_type": "data_loader", "level": "INFO", "message": "P\u00e1gina 1: 0 filas en 0.37s (start=1)", "timestamp": 1757718701.408083, "uuid": "51ac974946d944259a6c34759666582f"}
2025-09-12T23:11:41 {"block_run_id": 19, "block_uuid": "qb_invoices_loader", "pipeline_run_id": 10, "pipeline_schedule_id": 2, "pipeline_uuid": "qb_invoices_bacfill", "hostname": "370646b43903", "block_type": "data_loader", "level": "INFO", "message": "Chunk 29: 2025-07-16T00:00:00+00:00 \u2192 2025-07-22T23:59:59+00:00", "timestamp": 1757718701.410133, "uuid": "31e8c0eb6b15488cbd66a5e4eddecdfd"}
2025-09-12T23:11:41 {"block_run_id": 19, "block_uuid": "qb_invoices_loader", "pipeline_run_id": 10, "pipeline_schedule_id": 2, "pipeline_uuid": "qb_invoices_bacfill", "hostname": "370646b43903", "block_type": "data_loader", "level": "INFO", "message": "P\u00e1gina 1: 0 filas en 0.38s (start=1)", "timestamp": 1757718701.787871, "uuid": "93b96e587eef490d8556278a48621697"}
2025-09-12T23:11:41 {"block_run_id": 19, "block_uuid": "qb_invoices_loader", "pipeline_run_id": 10, "pipeline_schedule_id": 2, "pipeline_uuid": "qb_invoices_bacfill", "hostname": "370646b43903", "block_type": "data_loader", "level": "INFO", "message": "Chunk 30: 2025-07-23T00:00:00+00:00 \u2192 2025-07-29T23:59:59+00:00", "timestamp": 1757718701.790169, "uuid": "a127001ad82240ccb75e9d34a985d1a3"}
2025-09-12T23:11:42 {"block_run_id": 19, "block_uuid": "qb_invoices_loader", "pipeline_run_id": 10, "pipeline_schedule_id": 2, "pipeline_uuid": "qb_invoices_bacfill", "hostname": "370646b43903", "block_type": "data_loader", "level": "INFO", "message": "P\u00e1gina 1: 0 filas en 0.37s (start=1)", "timestamp": 1757718702.164311, "uuid": "9b03cae8bdb54c81ad19ef59a77cf315"}
2025-09-12T23:11:42 {"block_run_id": 19, "block_uuid": "qb_invoices_loader", "pipeline_run_id": 10, "pipeline_schedule_id": 2, "pipeline_uuid": "qb_invoices_bacfill", "hostname": "370646b43903", "block_type": "data_loader", "level": "INFO", "message": "Chunk 31: 2025-07-30T00:00:00+00:00 \u2192 2025-08-05T23:59:59+00:00", "timestamp": 1757718702.166541, "uuid": "88c03d2e419f4b22988960d1d609a5ff"}
2025-09-12T23:11:42 {"block_run_id": 19, "block_uuid": "qb_invoices_loader", "pipeline_run_id": 10, "pipeline_schedule_id": 2, "pipeline_uuid": "qb_invoices_bacfill", "hostname": "370646b43903", "block_type": "data_loader", "level": "INFO", "message": "P\u00e1gina 1: 7 filas en 0.52s (start=1)", "timestamp": 1757718702.687546, "uuid": "9864bf775cce4bbcb1644facc82559c2"}
2025-09-12T23:11:42 {"block_run_id": 19, "block_uuid": "qb_invoices_loader", "pipeline_run_id": 10, "pipeline_schedule_id": 2, "pipeline_uuid": "qb_invoices_bacfill", "hostname": "370646b43903", "block_type": "data_loader", "level": "INFO", "message": "Chunk 32: 2025-08-06T00:00:00+00:00 \u2192 2025-08-12T23:59:59+00:00", "timestamp": 1757718702.692385, "uuid": "31f002e78c2d44408f25b0ee0714e19b"}
2025-09-12T23:11:43 {"block_run_id": 19, "block_uuid": "qb_invoices_loader", "pipeline_run_id": 10, "pipeline_schedule_id": 2, "pipeline_uuid": "qb_invoices_bacfill", "hostname": "370646b43903", "block_type": "data_loader", "level": "INFO", "message": "P\u00e1gina 1: 16 filas en 0.64s (start=1)", "timestamp": 1757718703.334503, "uuid": "2f2d85ed3a4c465c9ec71a8d7fa4282c"}
2025-09-12T23:11:43 {"block_run_id": 19, "block_uuid": "qb_invoices_loader", "pipeline_run_id": 10, "pipeline_schedule_id": 2, "pipeline_uuid": "qb_invoices_bacfill", "hostname": "370646b43903", "block_type": "data_loader", "level": "INFO", "message": "Chunk 33: 2025-08-13T00:00:00+00:00 \u2192 2025-08-19T23:59:59+00:00", "timestamp": 1757718703.339066, "uuid": "94f36770a5034d20ae9d86518d2ff507"}
2025-09-12T23:11:43 {"block_run_id": 19, "block_uuid": "qb_invoices_loader", "pipeline_run_id": 10, "pipeline_schedule_id": 2, "pipeline_uuid": "qb_invoices_bacfill", "hostname": "370646b43903", "block_type": "data_loader", "level": "INFO", "message": "P\u00e1gina 1: 0 filas en 0.28s (start=1)", "timestamp": 1757718703.619226, "uuid": "ccee4206f2ef489dbb2e2251553f34f3"}
2025-09-12T23:11:43 {"block_run_id": 19, "block_uuid": "qb_invoices_loader", "pipeline_run_id": 10, "pipeline_schedule_id": 2, "pipeline_uuid": "qb_invoices_bacfill", "hostname": "370646b43903", "block_type": "data_loader", "level": "INFO", "message": "Chunk 34: 2025-08-20T00:00:00+00:00 \u2192 2025-08-26T23:59:59+00:00", "timestamp": 1757718703.624603, "uuid": "c4643350e84949c1abd7b734eeea2026"}
2025-09-12T23:11:44 {"block_run_id": 19, "block_uuid": "qb_invoices_loader", "pipeline_run_id": 10, "pipeline_schedule_id": 2, "pipeline_uuid": "qb_invoices_bacfill", "hostname": "370646b43903", "block_type": "data_loader", "level": "INFO", "message": "P\u00e1gina 1: 0 filas en 0.52s (start=1)", "timestamp": 1757718704.150586, "uuid": "4168d312d3244506a70d4ae087e1935f"}
2025-09-12T23:11:44 {"block_run_id": 19, "block_uuid": "qb_invoices_loader", "pipeline_run_id": 10, "pipeline_schedule_id": 2, "pipeline_uuid": "qb_invoices_bacfill", "hostname": "370646b43903", "block_type": "data_loader", "level": "INFO", "message": "Chunk 35: 2025-08-27T00:00:00+00:00 \u2192 2025-09-02T23:59:59+00:00", "timestamp": 1757718704.154459, "uuid": "fc79ef2e69e643e3985e42c03fb035bd"}
2025-09-12T23:11:44 {"block_run_id": 19, "block_uuid": "qb_invoices_loader", "pipeline_run_id": 10, "pipeline_schedule_id": 2, "pipeline_uuid": "qb_invoices_bacfill", "hostname": "370646b43903", "block_type": "data_loader", "level": "INFO", "message": "P\u00e1gina 1: 0 filas en 0.45s (start=1)", "timestamp": 1757718704.604256, "uuid": "166b1e05dfe742e1b9a66365a81278da"}
2025-09-12T23:11:44 {"block_run_id": 19, "block_uuid": "qb_invoices_loader", "pipeline_run_id": 10, "pipeline_schedule_id": 2, "pipeline_uuid": "qb_invoices_bacfill", "hostname": "370646b43903", "block_type": "data_loader", "level": "INFO", "message": "Chunk 36: 2025-09-03T00:00:00+00:00 \u2192 2025-09-09T23:59:59+00:00", "timestamp": 1757718704.606573, "uuid": "233c16960c594557af82a35831dd2857"}
2025-09-12T23:11:44 {"block_run_id": 19, "block_uuid": "qb_invoices_loader", "pipeline_run_id": 10, "pipeline_schedule_id": 2, "pipeline_uuid": "qb_invoices_bacfill", "hostname": "370646b43903", "block_type": "data_loader", "level": "INFO", "message": "P\u00e1gina 1: 0 filas en 0.39s (start=1)", "timestamp": 1757718704.995862, "uuid": "5f25d87a009543c4a5b5da8e492c9977"}
2025-09-12T23:11:44 {"block_run_id": 19, "block_uuid": "qb_invoices_loader", "pipeline_run_id": 10, "pipeline_schedule_id": 2, "pipeline_uuid": "qb_invoices_bacfill", "hostname": "370646b43903", "block_type": "data_loader", "level": "INFO", "message": "Chunk 37: 2025-09-10T00:00:00+00:00 \u2192 2025-09-11T00:00:00+00:00", "timestamp": 1757718704.999058, "uuid": "24c32e4030a64cc89dbae15edf9018f1"}
2025-09-12T23:11:45 {"block_run_id": 19, "block_uuid": "qb_invoices_loader", "pipeline_run_id": 10, "pipeline_schedule_id": 2, "pipeline_uuid": "qb_invoices_bacfill", "hostname": "370646b43903", "block_type": "data_loader", "level": "INFO", "message": "P\u00e1gina 1: 0 filas en 0.28s (start=1)", "timestamp": 1757718705.28107, "uuid": "cccbb2cc2df3421e985f503c08681389"}
2025-09-12T23:11:46 {"block_run_id": 19, "block_uuid": "qb_invoices_loader", "pipeline_run_id": 10, "pipeline_schedule_id": 2, "pipeline_uuid": "qb_invoices_bacfill", "hostname": "370646b43903", "block_type": "data_loader", "level": "INFO", "message": "--------------------------------------------------------------", "timestamp": 1757718706.041798, "uuid": "1a64782aa9534a1a987ad1f9327f3d90"}
2025-09-12T23:11:46 {"block_run_id": 19, "block_uuid": "qb_invoices_loader", "pipeline_run_id": 10, "pipeline_schedule_id": 2, "pipeline_uuid": "qb_invoices_bacfill", "hostname": "370646b43903", "block_type": "data_loader", "level": "INFO", "message": "1/1 tests passed.", "timestamp": 1757718706.043908, "uuid": "578858408e024946bfba6f08445ffba9"}
2025-09-12T23:11:46 {"block_run_id": 19, "block_uuid": "qb_invoices_loader", "pipeline_run_id": 10, "pipeline_schedule_id": 2, "pipeline_uuid": "qb_invoices_bacfill", "hostname": "370646b43903", "block_type": "data_loader", "level": "INFO", "message": "Finish executing block with BlockExecutor.", "timestamp": 1757718706.045935, "uuid": "d2dfd9f5f3ba4209996db6c953e19a80"}
2025-09-12T23:14:22 {"block_run_id": 25, "block_uuid": "qb_invoices_loader", "pipeline_run_id": 13, "pipeline_schedule_id": 2, "pipeline_uuid": "qb_invoices_bacfill", "hostname": "370646b43903", "block_type": "data_loader", "level": "INFO", "message": "Start executing block with BlockExecutor.", "timestamp": 1757718862.92834, "uuid": "e02ff11d0d334fa29c1332b93dfd7f1d"}
2025-09-12T23:14:24 {"block_run_id": 25, "block_uuid": "qb_invoices_loader", "pipeline_run_id": 13, "pipeline_schedule_id": 2, "pipeline_uuid": "qb_invoices_bacfill", "hostname": "370646b43903", "block_type": "data_loader", "level": "INFO", "message": "Access token refrescado exitosamente.", "timestamp": 1757718864.25747, "uuid": "05f0846823194c57993233f5d1fbba2f"}
2025-09-12T23:14:24 {"block_run_id": 25, "block_uuid": "qb_invoices_loader", "pipeline_run_id": 13, "pipeline_schedule_id": 2, "pipeline_uuid": "qb_invoices_bacfill", "hostname": "370646b43903", "block_type": "data_loader", "level": "INFO", "message": "Chunk 1: 2025-01-01T00:00:00+00:00 \u2192 2025-01-07T23:59:59+00:00", "timestamp": 1757718864.262947, "uuid": "5b697eb4781b4741ae1899a3d82dc649"}
2025-09-12T23:14:25 {"block_run_id": 25, "block_uuid": "qb_invoices_loader", "pipeline_run_id": 13, "pipeline_schedule_id": 2, "pipeline_uuid": "qb_invoices_bacfill", "hostname": "370646b43903", "block_type": "data_loader", "level": "INFO", "message": "P\u00e1gina 1: 0 filas en 1.05s (start=1)", "timestamp": 1757718865.314909, "uuid": "baa69f299e084f52928cb24d64467ad7"}
2025-09-12T23:14:25 {"block_run_id": 25, "block_uuid": "qb_invoices_loader", "pipeline_run_id": 13, "pipeline_schedule_id": 2, "pipeline_uuid": "qb_invoices_bacfill", "hostname": "370646b43903", "block_type": "data_loader", "level": "INFO", "message": "Chunk 2: 2025-01-08T00:00:00+00:00 \u2192 2025-01-14T23:59:59+00:00", "timestamp": 1757718865.318532, "uuid": "a9273b4f435749c18c8c99ba67c9d728"}
2025-09-12T23:14:25 {"block_run_id": 25, "block_uuid": "qb_invoices_loader", "pipeline_run_id": 13, "pipeline_schedule_id": 2, "pipeline_uuid": "qb_invoices_bacfill", "hostname": "370646b43903", "block_type": "data_loader", "level": "INFO", "message": "P\u00e1gina 1: 0 filas en 0.27s (start=1)", "timestamp": 1757718865.592353, "uuid": "73a2a63008db40b693650145dffcafd3"}
2025-09-12T23:14:25 {"block_run_id": 25, "block_uuid": "qb_invoices_loader", "pipeline_run_id": 13, "pipeline_schedule_id": 2, "pipeline_uuid": "qb_invoices_bacfill", "hostname": "370646b43903", "block_type": "data_loader", "level": "INFO", "message": "Chunk 3: 2025-01-15T00:00:00+00:00 \u2192 2025-01-21T23:59:59+00:00", "timestamp": 1757718865.594285, "uuid": "730c61eecff34241bb724316ea850694"}
2025-09-12T23:14:25 {"block_run_id": 25, "block_uuid": "qb_invoices_loader", "pipeline_run_id": 13, "pipeline_schedule_id": 2, "pipeline_uuid": "qb_invoices_bacfill", "hostname": "370646b43903", "block_type": "data_loader", "level": "INFO", "message": "P\u00e1gina 1: 0 filas en 0.28s (start=1)", "timestamp": 1757718865.878261, "uuid": "3603dea93d5a4605b572bc07590ec8b8"}
2025-09-12T23:14:25 {"block_run_id": 25, "block_uuid": "qb_invoices_loader", "pipeline_run_id": 13, "pipeline_schedule_id": 2, "pipeline_uuid": "qb_invoices_bacfill", "hostname": "370646b43903", "block_type": "data_loader", "level": "INFO", "message": "Chunk 4: 2025-01-22T00:00:00+00:00 \u2192 2025-01-28T23:59:59+00:00", "timestamp": 1757718865.881927, "uuid": "ee56e062ce5d444cbd089a8708e64a2d"}
2025-09-12T23:14:26 {"block_run_id": 25, "block_uuid": "qb_invoices_loader", "pipeline_run_id": 13, "pipeline_schedule_id": 2, "pipeline_uuid": "qb_invoices_bacfill", "hostname": "370646b43903", "block_type": "data_loader", "level": "INFO", "message": "P\u00e1gina 1: 0 filas en 0.29s (start=1)", "timestamp": 1757718866.179588, "uuid": "9be11aeaf3d04e7ea3a0aa438450b075"}
2025-09-12T23:14:26 {"block_run_id": 25, "block_uuid": "qb_invoices_loader", "pipeline_run_id": 13, "pipeline_schedule_id": 2, "pipeline_uuid": "qb_invoices_bacfill", "hostname": "370646b43903", "block_type": "data_loader", "level": "INFO", "message": "Chunk 5: 2025-01-29T00:00:00+00:00 \u2192 2025-02-04T23:59:59+00:00", "timestamp": 1757718866.183883, "uuid": "bc43acb63a3046e19c1a51fe9ad2b561"}
2025-09-12T23:14:26 {"block_run_id": 25, "block_uuid": "qb_invoices_loader", "pipeline_run_id": 13, "pipeline_schedule_id": 2, "pipeline_uuid": "qb_invoices_bacfill", "hostname": "370646b43903", "block_type": "data_loader", "level": "INFO", "message": "P\u00e1gina 1: 0 filas en 0.29s (start=1)", "timestamp": 1757718866.475454, "uuid": "8647165e2e9b4aa7b06a58c52eaa9217"}
2025-09-12T23:14:26 {"block_run_id": 25, "block_uuid": "qb_invoices_loader", "pipeline_run_id": 13, "pipeline_schedule_id": 2, "pipeline_uuid": "qb_invoices_bacfill", "hostname": "370646b43903", "block_type": "data_loader", "level": "INFO", "message": "Chunk 6: 2025-02-05T00:00:00+00:00 \u2192 2025-02-11T23:59:59+00:00", "timestamp": 1757718866.478294, "uuid": "6c31036d1de143eb85f745c2e2b61cc3"}
2025-09-12T23:14:26 {"block_run_id": 25, "block_uuid": "qb_invoices_loader", "pipeline_run_id": 13, "pipeline_schedule_id": 2, "pipeline_uuid": "qb_invoices_bacfill", "hostname": "370646b43903", "block_type": "data_loader", "level": "INFO", "message": "P\u00e1gina 1: 0 filas en 0.27s (start=1)", "timestamp": 1757718866.753903, "uuid": "f4142e77e73e46be837a08cc4d123605"}
2025-09-12T23:14:26 {"block_run_id": 25, "block_uuid": "qb_invoices_loader", "pipeline_run_id": 13, "pipeline_schedule_id": 2, "pipeline_uuid": "qb_invoices_bacfill", "hostname": "370646b43903", "block_type": "data_loader", "level": "INFO", "message": "Chunk 7: 2025-02-12T00:00:00+00:00 \u2192 2025-02-18T23:59:59+00:00", "timestamp": 1757718866.756937, "uuid": "4b1cf3283667417c99c05d5cfddd5e8b"}
2025-09-12T23:14:27 {"block_run_id": 25, "block_uuid": "qb_invoices_loader", "pipeline_run_id": 13, "pipeline_schedule_id": 2, "pipeline_uuid": "qb_invoices_bacfill", "hostname": "370646b43903", "block_type": "data_loader", "level": "INFO", "message": "P\u00e1gina 1: 0 filas en 0.28s (start=1)", "timestamp": 1757718867.039496, "uuid": "47a787a40d7e4789bb66fc54cc7646eb"}
2025-09-12T23:14:27 {"block_run_id": 25, "block_uuid": "qb_invoices_loader", "pipeline_run_id": 13, "pipeline_schedule_id": 2, "pipeline_uuid": "qb_invoices_bacfill", "hostname": "370646b43903", "block_type": "data_loader", "level": "INFO", "message": "Chunk 8: 2025-02-19T00:00:00+00:00 \u2192 2025-02-25T23:59:59+00:00", "timestamp": 1757718867.043477, "uuid": "f8df8e9b124440bf9e260d3f2773d7d9"}
2025-09-12T23:14:27 {"block_run_id": 25, "block_uuid": "qb_invoices_loader", "pipeline_run_id": 13, "pipeline_schedule_id": 2, "pipeline_uuid": "qb_invoices_bacfill", "hostname": "370646b43903", "block_type": "data_loader", "level": "INFO", "message": "P\u00e1gina 1: 0 filas en 0.28s (start=1)", "timestamp": 1757718867.321248, "uuid": "57e1db36f5a244f295e25ef58a9287f3"}
2025-09-12T23:14:27 {"block_run_id": 25, "block_uuid": "qb_invoices_loader", "pipeline_run_id": 13, "pipeline_schedule_id": 2, "pipeline_uuid": "qb_invoices_bacfill", "hostname": "370646b43903", "block_type": "data_loader", "level": "INFO", "message": "Chunk 9: 2025-02-26T00:00:00+00:00 \u2192 2025-03-04T23:59:59+00:00", "timestamp": 1757718867.323983, "uuid": "b8ccff1b5b5a4666a9eb7d4e5ab74ddb"}
2025-09-12T23:14:27 {"block_run_id": 25, "block_uuid": "qb_invoices_loader", "pipeline_run_id": 13, "pipeline_schedule_id": 2, "pipeline_uuid": "qb_invoices_bacfill", "hostname": "370646b43903", "block_type": "data_loader", "level": "INFO", "message": "P\u00e1gina 1: 0 filas en 0.28s (start=1)", "timestamp": 1757718867.606056, "uuid": "eadf6ac787614c1ba50b79dd0e15e4c3"}
2025-09-12T23:14:27 {"block_run_id": 25, "block_uuid": "qb_invoices_loader", "pipeline_run_id": 13, "pipeline_schedule_id": 2, "pipeline_uuid": "qb_invoices_bacfill", "hostname": "370646b43903", "block_type": "data_loader", "level": "INFO", "message": "Chunk 10: 2025-03-05T00:00:00+00:00 \u2192 2025-03-11T23:59:59+00:00", "timestamp": 1757718867.608204, "uuid": "587262651ffc49228b69ff11cd4d87ee"}
2025-09-12T23:14:27 {"block_run_id": 25, "block_uuid": "qb_invoices_loader", "pipeline_run_id": 13, "pipeline_schedule_id": 2, "pipeline_uuid": "qb_invoices_bacfill", "hostname": "370646b43903", "block_type": "data_loader", "level": "INFO", "message": "P\u00e1gina 1: 0 filas en 0.36s (start=1)", "timestamp": 1757718867.97024, "uuid": "0f1d07c3853e423fab4bbdaa27c23fb3"}
2025-09-12T23:14:27 {"block_run_id": 25, "block_uuid": "qb_invoices_loader", "pipeline_run_id": 13, "pipeline_schedule_id": 2, "pipeline_uuid": "qb_invoices_bacfill", "hostname": "370646b43903", "block_type": "data_loader", "level": "INFO", "message": "Chunk 11: 2025-03-12T00:00:00+00:00 \u2192 2025-03-18T23:59:59+00:00", "timestamp": 1757718867.971867, "uuid": "2e02f8ef1809479cae7d6326eb86d131"}
2025-09-12T23:14:28 {"block_run_id": 25, "block_uuid": "qb_invoices_loader", "pipeline_run_id": 13, "pipeline_schedule_id": 2, "pipeline_uuid": "qb_invoices_bacfill", "hostname": "370646b43903", "block_type": "data_loader", "level": "INFO", "message": "P\u00e1gina 1: 0 filas en 0.29s (start=1)", "timestamp": 1757718868.263384, "uuid": "b500f2bd92034da78db2c685d0fea6ed"}
2025-09-12T23:14:28 {"block_run_id": 25, "block_uuid": "qb_invoices_loader", "pipeline_run_id": 13, "pipeline_schedule_id": 2, "pipeline_uuid": "qb_invoices_bacfill", "hostname": "370646b43903", "block_type": "data_loader", "level": "INFO", "message": "Chunk 12: 2025-03-19T00:00:00+00:00 \u2192 2025-03-25T23:59:59+00:00", "timestamp": 1757718868.266848, "uuid": "bdba94f4f217494eb8aef1d04d11e62e"}
2025-09-12T23:14:28 {"block_run_id": 25, "block_uuid": "qb_invoices_loader", "pipeline_run_id": 13, "pipeline_schedule_id": 2, "pipeline_uuid": "qb_invoices_bacfill", "hostname": "370646b43903", "block_type": "data_loader", "level": "INFO", "message": "P\u00e1gina 1: 0 filas en 0.29s (start=1)", "timestamp": 1757718868.560103, "uuid": "ed10a1df99aa4d9097936638dd8d6e1e"}
2025-09-12T23:14:28 {"block_run_id": 25, "block_uuid": "qb_invoices_loader", "pipeline_run_id": 13, "pipeline_schedule_id": 2, "pipeline_uuid": "qb_invoices_bacfill", "hostname": "370646b43903", "block_type": "data_loader", "level": "INFO", "message": "Chunk 13: 2025-03-26T00:00:00+00:00 \u2192 2025-04-01T23:59:59+00:00", "timestamp": 1757718868.563299, "uuid": "45d8337726484e32b35dc10cdccc10d1"}
2025-09-12T23:14:28 {"block_run_id": 25, "block_uuid": "qb_invoices_loader", "pipeline_run_id": 13, "pipeline_schedule_id": 2, "pipeline_uuid": "qb_invoices_bacfill", "hostname": "370646b43903", "block_type": "data_loader", "level": "INFO", "message": "P\u00e1gina 1: 0 filas en 0.38s (start=1)", "timestamp": 1757718868.947124, "uuid": "f83afb44a6fc414ca989d83ea5e173f1"}
2025-09-12T23:14:28 {"block_run_id": 25, "block_uuid": "qb_invoices_loader", "pipeline_run_id": 13, "pipeline_schedule_id": 2, "pipeline_uuid": "qb_invoices_bacfill", "hostname": "370646b43903", "block_type": "data_loader", "level": "INFO", "message": "Chunk 14: 2025-04-02T00:00:00+00:00 \u2192 2025-04-08T23:59:59+00:00", "timestamp": 1757718868.949806, "uuid": "6d0cd53816ce46f3bb705150957ed519"}
2025-09-12T23:14:29 {"block_run_id": 25, "block_uuid": "qb_invoices_loader", "pipeline_run_id": 13, "pipeline_schedule_id": 2, "pipeline_uuid": "qb_invoices_bacfill", "hostname": "370646b43903", "block_type": "data_loader", "level": "INFO", "message": "P\u00e1gina 1: 0 filas en 0.37s (start=1)", "timestamp": 1757718869.326931, "uuid": "00df771778ac4bf991afb32f5630a99d"}
2025-09-12T23:14:29 {"block_run_id": 25, "block_uuid": "qb_invoices_loader", "pipeline_run_id": 13, "pipeline_schedule_id": 2, "pipeline_uuid": "qb_invoices_bacfill", "hostname": "370646b43903", "block_type": "data_loader", "level": "INFO", "message": "Chunk 15: 2025-04-09T00:00:00+00:00 \u2192 2025-04-15T23:59:59+00:00", "timestamp": 1757718869.331807, "uuid": "df12744689584b27844a81a049dc987d"}
2025-09-12T23:14:29 {"block_run_id": 25, "block_uuid": "qb_invoices_loader", "pipeline_run_id": 13, "pipeline_schedule_id": 2, "pipeline_uuid": "qb_invoices_bacfill", "hostname": "370646b43903", "block_type": "data_loader", "level": "INFO", "message": "P\u00e1gina 1: 0 filas en 0.37s (start=1)", "timestamp": 1757718869.70494, "uuid": "346c43cd3e6e4ed88392518c4fb98a53"}
2025-09-12T23:14:29 {"block_run_id": 25, "block_uuid": "qb_invoices_loader", "pipeline_run_id": 13, "pipeline_schedule_id": 2, "pipeline_uuid": "qb_invoices_bacfill", "hostname": "370646b43903", "block_type": "data_loader", "level": "INFO", "message": "Chunk 16: 2025-04-16T00:00:00+00:00 \u2192 2025-04-22T23:59:59+00:00", "timestamp": 1757718869.708812, "uuid": "9f7a9bb0dbd34335ba68588b686837fe"}
2025-09-12T23:14:30 {"block_run_id": 25, "block_uuid": "qb_invoices_loader", "pipeline_run_id": 13, "pipeline_schedule_id": 2, "pipeline_uuid": "qb_invoices_bacfill", "hostname": "370646b43903", "block_type": "data_loader", "level": "INFO", "message": "P\u00e1gina 1: 0 filas en 0.37s (start=1)", "timestamp": 1757718870.084878, "uuid": "774b9be9b78a456289fecd5dd5c07020"}
2025-09-12T23:14:30 {"block_run_id": 25, "block_uuid": "qb_invoices_loader", "pipeline_run_id": 13, "pipeline_schedule_id": 2, "pipeline_uuid": "qb_invoices_bacfill", "hostname": "370646b43903", "block_type": "data_loader", "level": "INFO", "message": "Chunk 17: 2025-04-23T00:00:00+00:00 \u2192 2025-04-29T23:59:59+00:00", "timestamp": 1757718870.087398, "uuid": "ba906078476548a0a1a9536d39875bdf"}
2025-09-12T23:14:30 {"block_run_id": 25, "block_uuid": "qb_invoices_loader", "pipeline_run_id": 13, "pipeline_schedule_id": 2, "pipeline_uuid": "qb_invoices_bacfill", "hostname": "370646b43903", "block_type": "data_loader", "level": "INFO", "message": "P\u00e1gina 1: 0 filas en 0.37s (start=1)", "timestamp": 1757718870.459728, "uuid": "c186684447704fbfbc582f80e2fedeba"}
2025-09-12T23:14:30 {"block_run_id": 25, "block_uuid": "qb_invoices_loader", "pipeline_run_id": 13, "pipeline_schedule_id": 2, "pipeline_uuid": "qb_invoices_bacfill", "hostname": "370646b43903", "block_type": "data_loader", "level": "INFO", "message": "Chunk 18: 2025-04-30T00:00:00+00:00 \u2192 2025-05-06T23:59:59+00:00", "timestamp": 1757718870.461459, "uuid": "01519842ae274b93bb7139e784e77701"}
2025-09-12T23:14:30 {"block_run_id": 25, "block_uuid": "qb_invoices_loader", "pipeline_run_id": 13, "pipeline_schedule_id": 2, "pipeline_uuid": "qb_invoices_bacfill", "hostname": "370646b43903", "block_type": "data_loader", "level": "INFO", "message": "P\u00e1gina 1: 0 filas en 0.38s (start=1)", "timestamp": 1757718870.839958, "uuid": "7fedc97601f5490a94d8a1a8a7c148af"}
2025-09-12T23:14:30 {"block_run_id": 25, "block_uuid": "qb_invoices_loader", "pipeline_run_id": 13, "pipeline_schedule_id": 2, "pipeline_uuid": "qb_invoices_bacfill", "hostname": "370646b43903", "block_type": "data_loader", "level": "INFO", "message": "Chunk 19: 2025-05-07T00:00:00+00:00 \u2192 2025-05-13T23:59:59+00:00", "timestamp": 1757718870.842419, "uuid": "0c2b3d33bec4470aa747c723e9591139"}
2025-09-12T23:14:31 {"block_run_id": 25, "block_uuid": "qb_invoices_loader", "pipeline_run_id": 13, "pipeline_schedule_id": 2, "pipeline_uuid": "qb_invoices_bacfill", "hostname": "370646b43903", "block_type": "data_loader", "level": "INFO", "message": "P\u00e1gina 1: 0 filas en 0.31s (start=1)", "timestamp": 1757718871.152443, "uuid": "d7d67d38b2ff415b82bb9f28865dc89e"}
2025-09-12T23:14:31 {"block_run_id": 25, "block_uuid": "qb_invoices_loader", "pipeline_run_id": 13, "pipeline_schedule_id": 2, "pipeline_uuid": "qb_invoices_bacfill", "hostname": "370646b43903", "block_type": "data_loader", "level": "INFO", "message": "Chunk 20: 2025-05-14T00:00:00+00:00 \u2192 2025-05-20T23:59:59+00:00", "timestamp": 1757718871.155755, "uuid": "79acf71cc1f348f49c3809f6b4d75132"}
2025-09-12T23:14:31 {"block_run_id": 25, "block_uuid": "qb_invoices_loader", "pipeline_run_id": 13, "pipeline_schedule_id": 2, "pipeline_uuid": "qb_invoices_bacfill", "hostname": "370646b43903", "block_type": "data_loader", "level": "INFO", "message": "P\u00e1gina 1: 0 filas en 0.56s (start=1)", "timestamp": 1757718871.717128, "uuid": "0673852bb3e34c53a7f246d414cc2246"}
2025-09-12T23:14:31 {"block_run_id": 25, "block_uuid": "qb_invoices_loader", "pipeline_run_id": 13, "pipeline_schedule_id": 2, "pipeline_uuid": "qb_invoices_bacfill", "hostname": "370646b43903", "block_type": "data_loader", "level": "INFO", "message": "Chunk 21: 2025-05-21T00:00:00+00:00 \u2192 2025-05-27T23:59:59+00:00", "timestamp": 1757718871.721647, "uuid": "d52ea37be1dd47588f6f6183ad5ee10e"}
2025-09-12T23:14:31 {"block_run_id": 25, "block_uuid": "qb_invoices_loader", "pipeline_run_id": 13, "pipeline_schedule_id": 2, "pipeline_uuid": "qb_invoices_bacfill", "hostname": "370646b43903", "block_type": "data_loader", "level": "INFO", "message": "P\u00e1gina 1: 0 filas en 0.27s (start=1)", "timestamp": 1757718871.99865, "uuid": "ad12c27686d64f01a4f7af3ead71c838"}
2025-09-12T23:14:32 {"block_run_id": 25, "block_uuid": "qb_invoices_loader", "pipeline_run_id": 13, "pipeline_schedule_id": 2, "pipeline_uuid": "qb_invoices_bacfill", "hostname": "370646b43903", "block_type": "data_loader", "level": "INFO", "message": "Chunk 22: 2025-05-28T00:00:00+00:00 \u2192 2025-06-03T23:59:59+00:00", "timestamp": 1757718872.002707, "uuid": "10098165fa404197acf1fa70ec6c6c91"}
2025-09-12T23:14:32 {"block_run_id": 25, "block_uuid": "qb_invoices_loader", "pipeline_run_id": 13, "pipeline_schedule_id": 2, "pipeline_uuid": "qb_invoices_bacfill", "hostname": "370646b43903", "block_type": "data_loader", "level": "INFO", "message": "P\u00e1gina 1: 0 filas en 0.27s (start=1)", "timestamp": 1757718872.278544, "uuid": "a0b36ce180964f88a5f014cd5e44b033"}
2025-09-12T23:14:32 {"block_run_id": 25, "block_uuid": "qb_invoices_loader", "pipeline_run_id": 13, "pipeline_schedule_id": 2, "pipeline_uuid": "qb_invoices_bacfill", "hostname": "370646b43903", "block_type": "data_loader", "level": "INFO", "message": "Chunk 23: 2025-06-04T00:00:00+00:00 \u2192 2025-06-10T23:59:59+00:00", "timestamp": 1757718872.281231, "uuid": "c0f01ac6cbe34e679d145ab7fe498e84"}
2025-09-12T23:14:32 {"block_run_id": 25, "block_uuid": "qb_invoices_loader", "pipeline_run_id": 13, "pipeline_schedule_id": 2, "pipeline_uuid": "qb_invoices_bacfill", "hostname": "370646b43903", "block_type": "data_loader", "level": "INFO", "message": "P\u00e1gina 1: 0 filas en 0.30s (start=1)", "timestamp": 1757718872.580467, "uuid": "237b0f60d04b40ba8fde7fedbfc0c03d"}
2025-09-12T23:14:32 {"block_run_id": 25, "block_uuid": "qb_invoices_loader", "pipeline_run_id": 13, "pipeline_schedule_id": 2, "pipeline_uuid": "qb_invoices_bacfill", "hostname": "370646b43903", "block_type": "data_loader", "level": "INFO", "message": "Chunk 24: 2025-06-11T00:00:00+00:00 \u2192 2025-06-17T23:59:59+00:00", "timestamp": 1757718872.585578, "uuid": "669dded5081444cc835874e5dcc6fc80"}
2025-09-12T23:14:33 {"block_run_id": 25, "block_uuid": "qb_invoices_loader", "pipeline_run_id": 13, "pipeline_schedule_id": 2, "pipeline_uuid": "qb_invoices_bacfill", "hostname": "370646b43903", "block_type": "data_loader", "level": "INFO", "message": "P\u00e1gina 1: 0 filas en 0.60s (start=1)", "timestamp": 1757718873.191688, "uuid": "45632e5666d54df8ad6dd09f82249c1f"}
2025-09-12T23:14:33 {"block_run_id": 25, "block_uuid": "qb_invoices_loader", "pipeline_run_id": 13, "pipeline_schedule_id": 2, "pipeline_uuid": "qb_invoices_bacfill", "hostname": "370646b43903", "block_type": "data_loader", "level": "INFO", "message": "Chunk 25: 2025-06-18T00:00:00+00:00 \u2192 2025-06-24T23:59:59+00:00", "timestamp": 1757718873.196141, "uuid": "8a79d3d852704508883f3d8c0e39384a"}
2025-09-12T23:14:33 {"block_run_id": 25, "block_uuid": "qb_invoices_loader", "pipeline_run_id": 13, "pipeline_schedule_id": 2, "pipeline_uuid": "qb_invoices_bacfill", "hostname": "370646b43903", "block_type": "data_loader", "level": "INFO", "message": "P\u00e1gina 1: 0 filas en 0.29s (start=1)", "timestamp": 1757718873.486964, "uuid": "e78d6b7bb11a4b06810540a7dfa971bc"}
2025-09-12T23:14:33 {"block_run_id": 25, "block_uuid": "qb_invoices_loader", "pipeline_run_id": 13, "pipeline_schedule_id": 2, "pipeline_uuid": "qb_invoices_bacfill", "hostname": "370646b43903", "block_type": "data_loader", "level": "INFO", "message": "Chunk 26: 2025-06-25T00:00:00+00:00 \u2192 2025-07-01T23:59:59+00:00", "timestamp": 1757718873.490794, "uuid": "fc68eaf66486495f9f2820fb92fa6cc4"}
2025-09-12T23:14:33 {"block_run_id": 25, "block_uuid": "qb_invoices_loader", "pipeline_run_id": 13, "pipeline_schedule_id": 2, "pipeline_uuid": "qb_invoices_bacfill", "hostname": "370646b43903", "block_type": "data_loader", "level": "INFO", "message": "P\u00e1gina 1: 0 filas en 0.29s (start=1)", "timestamp": 1757718873.783907, "uuid": "2e376f7a8224480b8a8e410b6be5e4ec"}
2025-09-12T23:14:33 {"block_run_id": 25, "block_uuid": "qb_invoices_loader", "pipeline_run_id": 13, "pipeline_schedule_id": 2, "pipeline_uuid": "qb_invoices_bacfill", "hostname": "370646b43903", "block_type": "data_loader", "level": "INFO", "message": "Chunk 27: 2025-07-02T00:00:00+00:00 \u2192 2025-07-08T23:59:59+00:00", "timestamp": 1757718873.787813, "uuid": "cd5375e5ba7148f9bc16c4402bcd4730"}
2025-09-12T23:14:34 {"block_run_id": 25, "block_uuid": "qb_invoices_loader", "pipeline_run_id": 13, "pipeline_schedule_id": 2, "pipeline_uuid": "qb_invoices_bacfill", "hostname": "370646b43903", "block_type": "data_loader", "level": "INFO", "message": "P\u00e1gina 1: 0 filas en 0.62s (start=1)", "timestamp": 1757718874.407858, "uuid": "c067a7d1acb74686b75f8afb4d729e1b"}
2025-09-12T23:14:34 {"block_run_id": 25, "block_uuid": "qb_invoices_loader", "pipeline_run_id": 13, "pipeline_schedule_id": 2, "pipeline_uuid": "qb_invoices_bacfill", "hostname": "370646b43903", "block_type": "data_loader", "level": "INFO", "message": "Chunk 28: 2025-07-09T00:00:00+00:00 \u2192 2025-07-15T23:59:59+00:00", "timestamp": 1757718874.411211, "uuid": "bdc8eda8c979472b8ca8a0ba7208629d"}
2025-09-12T23:14:34 {"block_run_id": 25, "block_uuid": "qb_invoices_loader", "pipeline_run_id": 13, "pipeline_schedule_id": 2, "pipeline_uuid": "qb_invoices_bacfill", "hostname": "370646b43903", "block_type": "data_loader", "level": "INFO", "message": "P\u00e1gina 1: 0 filas en 0.38s (start=1)", "timestamp": 1757718874.789282, "uuid": "24093eaac4b845e089a28aacc83e742f"}
2025-09-12T23:14:34 {"block_run_id": 25, "block_uuid": "qb_invoices_loader", "pipeline_run_id": 13, "pipeline_schedule_id": 2, "pipeline_uuid": "qb_invoices_bacfill", "hostname": "370646b43903", "block_type": "data_loader", "level": "INFO", "message": "Chunk 29: 2025-07-16T00:00:00+00:00 \u2192 2025-07-22T23:59:59+00:00", "timestamp": 1757718874.793551, "uuid": "ac4802b58d3946f9b404f36022e479f7"}
2025-09-12T23:14:35 {"block_run_id": 25, "block_uuid": "qb_invoices_loader", "pipeline_run_id": 13, "pipeline_schedule_id": 2, "pipeline_uuid": "qb_invoices_bacfill", "hostname": "370646b43903", "block_type": "data_loader", "level": "INFO", "message": "P\u00e1gina 1: 0 filas en 0.27s (start=1)", "timestamp": 1757718875.068925, "uuid": "96b66ee87cc7472691a982e3f40771c1"}
2025-09-12T23:14:35 {"block_run_id": 25, "block_uuid": "qb_invoices_loader", "pipeline_run_id": 13, "pipeline_schedule_id": 2, "pipeline_uuid": "qb_invoices_bacfill", "hostname": "370646b43903", "block_type": "data_loader", "level": "INFO", "message": "Chunk 30: 2025-07-23T00:00:00+00:00 \u2192 2025-07-29T23:59:59+00:00", "timestamp": 1757718875.071772, "uuid": "eba6576f8572427e8e3de810a4b75b22"}
2025-09-12T23:14:35 {"block_run_id": 25, "block_uuid": "qb_invoices_loader", "pipeline_run_id": 13, "pipeline_schedule_id": 2, "pipeline_uuid": "qb_invoices_bacfill", "hostname": "370646b43903", "block_type": "data_loader", "level": "INFO", "message": "P\u00e1gina 1: 0 filas en 0.37s (start=1)", "timestamp": 1757718875.448417, "uuid": "51ee68196c094220a3bd678aeca24fc0"}
2025-09-12T23:14:35 {"block_run_id": 25, "block_uuid": "qb_invoices_loader", "pipeline_run_id": 13, "pipeline_schedule_id": 2, "pipeline_uuid": "qb_invoices_bacfill", "hostname": "370646b43903", "block_type": "data_loader", "level": "INFO", "message": "Chunk 31: 2025-07-30T00:00:00+00:00 \u2192 2025-08-05T23:59:59+00:00", "timestamp": 1757718875.451401, "uuid": "21447e0526e74612bebd9475b5ea6b63"}
2025-09-12T23:14:36 {"block_run_id": 25, "block_uuid": "qb_invoices_loader", "pipeline_run_id": 13, "pipeline_schedule_id": 2, "pipeline_uuid": "qb_invoices_bacfill", "hostname": "370646b43903", "block_type": "data_loader", "level": "INFO", "message": "P\u00e1gina 1: 7 filas en 0.65s (start=1)", "timestamp": 1757718876.10002, "uuid": "8e06df4368704cb5b2eddfd9eb9cf8a6"}
2025-09-12T23:14:36 {"block_run_id": 25, "block_uuid": "qb_invoices_loader", "pipeline_run_id": 13, "pipeline_schedule_id": 2, "pipeline_uuid": "qb_invoices_bacfill", "hostname": "370646b43903", "block_type": "data_loader", "level": "INFO", "message": "Chunk 32: 2025-08-06T00:00:00+00:00 \u2192 2025-08-12T23:59:59+00:00", "timestamp": 1757718876.103889, "uuid": "cbddfa3d4b824d8f8665ed9b6ba0fd10"}
2025-09-12T23:14:36 {"block_run_id": 25, "block_uuid": "qb_invoices_loader", "pipeline_run_id": 13, "pipeline_schedule_id": 2, "pipeline_uuid": "qb_invoices_bacfill", "hostname": "370646b43903", "block_type": "data_loader", "level": "INFO", "message": "P\u00e1gina 1: 16 filas en 0.62s (start=1)", "timestamp": 1757718876.728591, "uuid": "92e3fdf29a824d3bb19df66b9cc8ef56"}
2025-09-12T23:14:36 {"block_run_id": 25, "block_uuid": "qb_invoices_loader", "pipeline_run_id": 13, "pipeline_schedule_id": 2, "pipeline_uuid": "qb_invoices_bacfill", "hostname": "370646b43903", "block_type": "data_loader", "level": "INFO", "message": "Chunk 33: 2025-08-13T00:00:00+00:00 \u2192 2025-08-19T23:59:59+00:00", "timestamp": 1757718876.731028, "uuid": "9b7da24560004a5ca710e9d778abf3ba"}
2025-09-12T23:14:37 {"block_run_id": 25, "block_uuid": "qb_invoices_loader", "pipeline_run_id": 13, "pipeline_schedule_id": 2, "pipeline_uuid": "qb_invoices_bacfill", "hostname": "370646b43903", "block_type": "data_loader", "level": "INFO", "message": "P\u00e1gina 1: 0 filas en 0.31s (start=1)", "timestamp": 1757718877.041681, "uuid": "0fe366449b2a4687b0f2da1010189660"}
2025-09-12T23:14:37 {"block_run_id": 25, "block_uuid": "qb_invoices_loader", "pipeline_run_id": 13, "pipeline_schedule_id": 2, "pipeline_uuid": "qb_invoices_bacfill", "hostname": "370646b43903", "block_type": "data_loader", "level": "INFO", "message": "Chunk 34: 2025-08-20T00:00:00+00:00 \u2192 2025-08-26T23:59:59+00:00", "timestamp": 1757718877.045018, "uuid": "abb6cd522fba4628a191b066dd43ba4c"}
2025-09-12T23:14:37 {"block_run_id": 25, "block_uuid": "qb_invoices_loader", "pipeline_run_id": 13, "pipeline_schedule_id": 2, "pipeline_uuid": "qb_invoices_bacfill", "hostname": "370646b43903", "block_type": "data_loader", "level": "INFO", "message": "P\u00e1gina 1: 0 filas en 0.33s (start=1)", "timestamp": 1757718877.374893, "uuid": "a8a9bafba0a04e97b400e68cb7672c21"}
2025-09-12T23:14:37 {"block_run_id": 25, "block_uuid": "qb_invoices_loader", "pipeline_run_id": 13, "pipeline_schedule_id": 2, "pipeline_uuid": "qb_invoices_bacfill", "hostname": "370646b43903", "block_type": "data_loader", "level": "INFO", "message": "Chunk 35: 2025-08-27T00:00:00+00:00 \u2192 2025-09-02T23:59:59+00:00", "timestamp": 1757718877.378982, "uuid": "95d32ea52ed94d5f94a34e2f5f19dac9"}
2025-09-12T23:14:37 {"block_run_id": 25, "block_uuid": "qb_invoices_loader", "pipeline_run_id": 13, "pipeline_schedule_id": 2, "pipeline_uuid": "qb_invoices_bacfill", "hostname": "370646b43903", "block_type": "data_loader", "level": "INFO", "message": "P\u00e1gina 1: 0 filas en 0.29s (start=1)", "timestamp": 1757718877.676096, "uuid": "75cd769cc6e345b28cae32415f02077b"}
2025-09-12T23:14:37 {"block_run_id": 25, "block_uuid": "qb_invoices_loader", "pipeline_run_id": 13, "pipeline_schedule_id": 2, "pipeline_uuid": "qb_invoices_bacfill", "hostname": "370646b43903", "block_type": "data_loader", "level": "INFO", "message": "Chunk 36: 2025-09-03T00:00:00+00:00 \u2192 2025-09-09T23:59:59+00:00", "timestamp": 1757718877.68047, "uuid": "f7971b3d2d47405c8c50c68eee6c3c4b"}
2025-09-12T23:14:38 {"block_run_id": 25, "block_uuid": "qb_invoices_loader", "pipeline_run_id": 13, "pipeline_schedule_id": 2, "pipeline_uuid": "qb_invoices_bacfill", "hostname": "370646b43903", "block_type": "data_loader", "level": "INFO", "message": "P\u00e1gina 1: 0 filas en 0.36s (start=1)", "timestamp": 1757718878.044092, "uuid": "0ecefcca18704b238cc5cc8cb0485b81"}
2025-09-12T23:14:38 {"block_run_id": 25, "block_uuid": "qb_invoices_loader", "pipeline_run_id": 13, "pipeline_schedule_id": 2, "pipeline_uuid": "qb_invoices_bacfill", "hostname": "370646b43903", "block_type": "data_loader", "level": "INFO", "message": "Chunk 37: 2025-09-10T00:00:00+00:00 \u2192 2025-09-11T00:00:00+00:00", "timestamp": 1757718878.047501, "uuid": "97a993fc90fa4ab6a0091a3337aaa8cc"}
2025-09-12T23:14:38 {"block_run_id": 25, "block_uuid": "qb_invoices_loader", "pipeline_run_id": 13, "pipeline_schedule_id": 2, "pipeline_uuid": "qb_invoices_bacfill", "hostname": "370646b43903", "block_type": "data_loader", "level": "INFO", "message": "P\u00e1gina 1: 0 filas en 0.37s (start=1)", "timestamp": 1757718878.418712, "uuid": "682a6b5a49954d9081f1e5d853e504a9"}
2025-09-12T23:14:39 {"block_run_id": 25, "block_uuid": "qb_invoices_loader", "pipeline_run_id": 13, "pipeline_schedule_id": 2, "pipeline_uuid": "qb_invoices_bacfill", "hostname": "370646b43903", "block_type": "data_loader", "level": "INFO", "message": "--------------------------------------------------------------", "timestamp": 1757718879.207664, "uuid": "0e4754d9716b467fb485f29911a18eb1"}
2025-09-12T23:14:39 {"block_run_id": 25, "block_uuid": "qb_invoices_loader", "pipeline_run_id": 13, "pipeline_schedule_id": 2, "pipeline_uuid": "qb_invoices_bacfill", "hostname": "370646b43903", "block_type": "data_loader", "level": "INFO", "message": "1/1 tests passed.", "timestamp": 1757718879.210877, "uuid": "46bb1d96e754478b8d7ce5858d52c01e"}
2025-09-12T23:14:39 {"block_run_id": 25, "block_uuid": "qb_invoices_loader", "pipeline_run_id": 13, "pipeline_schedule_id": 2, "pipeline_uuid": "qb_invoices_bacfill", "hostname": "370646b43903", "block_type": "data_loader", "level": "INFO", "message": "Finish executing block with BlockExecutor.", "timestamp": 1757718879.213754, "uuid": "42f4a7bded4043028ea9d6e85bea9ef2"}
